\BOOKMARK [0][-]{chapter.1}{\376\377\000P\000o\000c\000z\001\005\000t\000e\000k\000\040\000k\000o\001\104\000c\000a}{}% 1
\BOOKMARK [1][-]{section.1.1}{\376\377\000P\000o\000d\000s\000t\000a\000w\000o\000w\000e\000\040\000d\000e\000f\000i\000n\000i\000c\000j\000e}{chapter.1}% 2
\BOOKMARK [2][-]{subsection.1.1.1}{\376\377\000P\000r\000z\000y\000k\001\102\000a\000d\000y\000\040\000k\000a\000t\000e\000g\000o\000r\000i\000i}{section.1.1}% 3
\BOOKMARK [2][-]{subsection.1.1.2}{\376\377\000F\000u\000n\000k\000t\000o\000r\000y}{section.1.1}% 4
\BOOKMARK [1][-]{section.1.2}{\376\377\000P\000r\000o\000d\000u\000k\000t\000y\000\040\000i\000\040\000k\000o\000p\000r\000o\000d\000u\000k\000t\000y\000\040\000k\000a\000t\000e\000g\000o\000r\000i\000i}{chapter.1}% 5
\BOOKMARK [2][-]{subsection.1.2.1}{\376\377\000O\000\040\000o\000b\000i\000e\000k\000t\000a\000c\000h\000\040\000p\000o\000c\000z\001\005\000t\000k\000o\000w\000y\000c\000h\000\040\000i\000\040\000k\000o\001\104\000c\000o\000w\000y\000c\000h\000\040\000s\001\102\000\363\000w\000\040\000k\000i\000l\000k\000a}{section.1.2}% 6
\BOOKMARK [2][-]{subsection.1.2.2}{\376\377\000\050\000K\000o\000\051\000g\000r\000a\000n\000i\000c\000e\000\040\000f\000u\000n\000k\000t\000o\000r\000\363\000w\000\040\000a\000\040\000\050\000k\000o\000\051\000p\000r\000o\000d\000u\000t\000k\000y}{section.1.2}% 7
\BOOKMARK [2][-]{subsection.1.2.3}{\376\377\000O\000b\000i\000e\000k\000t\000y\000\040\000i\000\040\000k\000a\000t\000e\000g\000o\000r\000i\000e\000\040\000m\000o\000n\000o\000i\000d\000a\000l\000n\000e}{section.1.2}% 8
\BOOKMARK [1][-]{section.1.3}{\376\377\000F\000u\000n\000k\000t\000o\000r\000y\000\040\000d\000o\001\102\001\005\000c\000z\000o\000n\000e}{chapter.1}% 9
\BOOKMARK [2][-]{subsection.1.3.1}{\376\377\000M\000o\000t\000y\000w\000a\000c\000j\000a\000\040\000a\000b\000s\000t\000r\000a\000k\000c\000y\000j\000n\000e\000g\000o\000\040\000n\000o\000n\000s\000e\000n\000s\000u}{section.1.3}% 10
\BOOKMARK [2][-]{subsection.1.3.2}{\376\377\000D\000u\001\174\000o\000\040\000p\000r\000z\000y\000k\001\102\000a\000d\000\363\000w\000\040\000f\000u\000n\000k\000t\000o\000r\000\363\000w\000\040\000d\000o\001\102\001\005\000c\000z\000o\000n\000y\000c\000h}{section.1.3}% 11
\BOOKMARK [2][-]{subsection.1.3.3}{\376\377\000D\000r\000u\000g\000a\000\040\000d\000e\000f\000i\000n\000i\000c\000j\000a}{section.1.3}% 12
\BOOKMARK [1][-]{section.1.4}{\376\377\000F\000u\000n\000k\000t\000o\000r\000y\000\040\000d\000o\001\102\001\005\000c\000z\000o\000n\000e\000\040\000w\001\102\000a\000s\000n\000o\001\133\000c\000i\000\040\000[\000w\000i\000e\000c\000z\000n\000y\000\040\000W\000I\000P\000]}{chapter.1}% 13
\BOOKMARK [2][-]{subsection.1.4.1}{\376\377\000D\000o\000w\000\363\000d\000\040\000r\000\363\000w\000n\000o\000w\000a\001\174\000n\000o\001\133\000c\000i}{section.1.4}% 14
\BOOKMARK [2][-]{subsection.1.4.2}{\376\377\000F\000u\000n\000k\000t\000o\000r\000y\000\040\000d\000o\001\102\001\005\000c\000z\000o\000n\000e\000\040\000a\000\040\000g\000r\000a\000n\000i\000c\000e}{section.1.4}% 15
\BOOKMARK [2][-]{subsection.1.4.3}{\376\377\000M\000o\000d\000u\001\102\000y}{section.1.4}% 16
\BOOKMARK [1][-]{section.1.5}{\376\377\000K\000a\000t\000e\000g\000o\000r\000i\000a\000\040\000K\000l\000e\000i\000s\000l\000e\000g\000o}{chapter.1}% 17
\BOOKMARK [2][-]{subsection.1.5.1}{\376\377\000P\000o\000\040\000c\000o\000\040\000w\001\102\000a\001\133\000c\000i\000w\000i\000e\000\040\000t\000e\000\040\000m\000o\000n\000a\000d\000y\000?}{section.1.5}% 18
\BOOKMARK [2][-]{subsection.1.5.2}{\376\377\000D\000e\000f\000i\000n\000i\000c\000j\000a\000\040\000i\000\040\000p\000r\000z\000y\000k\001\102\000a\000d\000y\000\040\000m\000o\000n\000a\000d}{section.1.5}% 19
\BOOKMARK [2][-]{subsection.1.5.3}{\376\377\000K\000o\000n\000s\000t\000r\000u\000o\000w\000a\000n\000i\000e\000\040\000f\000u\000n\000k\000t\000o\000r\000\363\000w\000\040\000s\000p\000r\000z\001\031\001\174\000o\000n\000y\000c\000h\000\040\000z\000\040\000m\000o\000n\000a\000d}{section.1.5}% 20
\BOOKMARK [1][-]{section.1.6}{\376\377\000K\000a\000t\000e\000g\000o\000r\000i\000a\000\040\000a\000l\000g\000e\000b\000r\000\040\000i\000\040\000E\000i\000l\000e\000n\000b\000e\000r\000g\000a\000-\000M\000o\000o\000r\000e\000'\000a}{chapter.1}% 21
\BOOKMARK [2][-]{subsection.1.6.1}{\376\377\000K\000a\000t\000e\000g\000o\000r\000i\000a\000\040\000E\000i\000l\000e\000n\000b\000e\000r\000g\000a\000-\000M\000o\000o\000r\000e\000'\000a}{section.1.6}% 22
\BOOKMARK [1][-]{section.1.7}{\376\377\000w\000e\000\040\000b\000a\000c\000k\000\040\000i\000n\000\040\000b\000u\000s\000i\000n\000e\000s\000s}{chapter.1}% 23
\BOOKMARK [2][-]{subsection.1.7.1}{\376\377\000D\000i\000a\000g\000r\000a\000m\000y\000\040\000s\000t\000r\000u\000n\000o\000w\000e\000\040\000[\000s\000t\000r\000i\000n\000g\000\040\000d\000i\000a\000g\000r\000a\000m\000s\000]}{section.1.7}% 24
\BOOKMARK [1][-]{section.1.8}{\376\377\000h\000u\000m\000p\000t\000y\000\040\000d\000u\000m\000p\000t\000y}{chapter.1}% 25
