This is LuaHBTeX, Version 1.17.0 (TeX Live 2023/nixos.org)  (format=lualatex 1980.1.1)  11 MAR 2025 13:46
 restricted system commands enabled.
 file:line:error style messages enabled.
**main.tex
(./main.tex
LaTeX2e <2023-11-01> patch level 1
L3 programming layer <2024-02-20>
Lua module: luaotfload 2024-02-14 3.28 Lua based OpenType font support
Lua module: lualibs 2023-07-13 2.76 ConTeXt Lua standard libraries.
Lua module: lualibs-extended 2023-07-13 2.76 ConTeXt Lua libraries -- extended collection.
luaotfload | conf : Root cache directory is "/home/maruda/.texlive2023/texmf-var/luatex-cache/generic/names".
luaotfload | init : Loading fontloader "fontloader-2023-12-28.lua" from kpse-resolved path "/nix/store/s1awgirjjjx9q784fbncpzr9z75mllx2-texlive-combined-full-2023-final-texmfdist/tex/luatex/luaotfload/fontloader-2023-12-28.lua".
Lua-only attribute luaotfload@noligature = 1
luaotfload | init : Context OpenType loader version 3.134
Inserting `luaotfload.node_processor' in `pre_linebreak_filter'.
Inserting `luaotfload.node_processor' in `hpack_filter'.
Inserting `luaotfload.glyph_stream' in `glyph_stream_provider'.
Inserting `luaotfload.define_font' in `define_font'.
Lua-only attribute luaotfload_color_attribute = 2
luaotfload | conf : Root cache directory is "/home/maruda/.texlive2023/texmf-var/luatex-cache/generic/names".
Inserting `luaotfload.harf.strip_prefix' in `find_opentype_file'.
Inserting `luaotfload.harf.strip_prefix' in `find_truetype_file'.
Removing  `luaotfload.glyph_stream' from `glyph_stream_provider'.
Inserting `luaotfload.harf.glyphstream' in `glyph_stream_provider'.
Inserting `luaotfload.harf.finalize_vlist' in `post_linebreak_filter'.
Inserting `luaotfload.harf.finalize_hlist' in `hpack_filter'.
Inserting `luaotfload.cleanup_files' in `wrapup_run'.
Inserting `luaotfload.harf.finalize_unicode' in `finish_pdffile'.
Inserting `luaotfload.glyphinfo' in `glyph_info'.
Lua-only attribute luaotfload.letterspace_done = 3
Inserting `luaotfload.aux.set_sscale_dimens' in `luaotfload.patch_font'.
Inserting `luaotfload.aux.set_font_index' in `luaotfload.patch_font'.
Inserting `luaotfload.aux.patch_cambria_domh' in `luaotfload.patch_font'.
Inserting `luaotfload.aux.fixup_fontdata' in `luaotfload.patch_font_unsafe'.
Inserting `luaotfload.aux.set_capheight' in `luaotfload.patch_font'.
Inserting `luaotfload.aux.set_xheight' in `luaotfload.patch_font'.
Inserting `luaotfload.rewrite_fontname' in `luaotfload.patch_font'.
Inserting `tracingstacklevels' in `input_level_string'. (/nix/store/s1awgirjjjx9q784fbncpzr9z75mllx2-texlive-combined-full-2023-final-texmfdist/tex/latex/base/book.cls
Document Class: book 2023/05/17 v1.4n Standard LaTeX document class
(/nix/store/s1awgirjjjx9q784fbncpzr9z75mllx2-texlive-combined-full-2023-final-texmfdist/tex/latex/base/bk12.clo
File: bk12.clo 2023/05/17 v1.4n Standard LaTeX file (size option)
luaotfload | db : Font names database loaded from /home/maruda/.texlive2023/texmf-var/luatex-cache/generic/names/luaotfload-names.luc.gz)
\c@part=\count186
\c@chapter=\count187
\c@section=\count188
\c@subsection=\count189
\c@subsubsection=\count190
\c@paragraph=\count191
\c@subparagraph=\count192
\c@figure=\count193
\c@table=\count194
\abovecaptionskip=\skip48
\belowcaptionskip=\skip49
\bibindent=\dimen139
) (../../../template.sty

LaTeX Warning: You have requested package `../../../template',
               but the package provides `template'.

Package: template 
(/nix/store/s1awgirjjjx9q784fbncpzr9z75mllx2-texlive-combined-full-2023-final-texmfdist/tex/latex/base/inputenc.sty
Package: inputenc 2021/02/14 v1.3d Input encoding file
\inpenc@prehook=\toks17
\inpenc@posthook=\toks18


Package inputenc Warning: inputenc package ignored with utf8 based engines.

) (/nix/store/s1awgirjjjx9q784fbncpzr9z75mllx2-texlive-combined-full-2023-final-texmfdist/tex/latex/base/fontenc.sty
Package: fontenc 2021/04/29 v2.0v Standard LaTeX package
LaTeX Font Info:    Trying to load font information for T1+lmr on input line 112.
 (/nix/store/s1awgirjjjx9q784fbncpzr9z75mllx2-texlive-combined-full-2023-final-texmfdist/tex/latex/lm/t1lmr.fd
File: t1lmr.fd 2015/05/01 v1.6.1 Font defs for Latin Modern
)) (/nix/store/s1awgirjjjx9q784fbncpzr9z75mllx2-texlive-combined-full-2023-final-texmfdist/tex/latex/fontspec/fontspec.sty (/nix/store/s1awgirjjjx9q784fbncpzr9z75mllx2-texlive-combined-full-2023-final-texmfdist/tex/latex/l3packages/xparse/xparse.sty (/nix/store/s1awgirjjjx9q784fbncpzr9z75mllx2-texlive-combined-full-2023-final-texmfdist/tex/latex/l3kernel/expl3.sty
Package: expl3 2024-02-20 L3 programming layer (loader) 
 (/nix/store/s1awgirjjjx9q784fbncpzr9z75mllx2-texlive-combined-full-2023-final-texmfdist/tex/latex/l3backend/l3backend-luatex.def
File: l3backend-luatex.def 2024-02-20 L3 backend support: PDF output (LuaTeX)
\l__color_backend_stack_int=\count195
Inserting `l3color' in `luaotfload.parse_color'.
\l__pdf_internal_box=\box51
))
Package: xparse 2024-02-18 L3 Experimental document command parser
)
Package: fontspec 2024/02/13 v2.9a Font selection for XeLaTeX and LuaLaTeX
Lua module: fontspec 2024/02/13 2.9a Font selection for XeLaTeX and LuaLaTeX (/nix/store/s1awgirjjjx9q784fbncpzr9z75mllx2-texlive-combined-full-2023-final-texmfdist/tex/latex/fontspec/fontspec-luatex.sty
Package: fontspec-luatex 2024/02/13 v2.9a Font selection for XeLaTeX and LuaLaTeX
\l__fontspec_script_int=\count196
\l__fontspec_language_int=\count197
\l__fontspec_strnum_int=\count198
\l__fontspec_tmp_int=\count199
\l__fontspec_tmpa_int=\count266
\l__fontspec_tmpb_int=\count267
\l__fontspec_tmpc_int=\count268
\l__fontspec_em_int=\count269
\l__fontspec_emdef_int=\count270
\l__fontspec_strong_int=\count271
\l__fontspec_strongdef_int=\count272
\l__fontspec_tmpa_dim=\dimen140
\l__fontspec_tmpb_dim=\dimen141
\l__fontspec_tmpc_dim=\dimen142
 (/nix/store/s1awgirjjjx9q784fbncpzr9z75mllx2-texlive-combined-full-2023-final-texmfdist/tex/latex/base/fontenc.sty
Package: fontenc 2021/04/29 v2.0v Standard LaTeX package
) (/nix/store/s1awgirjjjx9q784fbncpzr9z75mllx2-texlive-combined-full-2023-final-texmfdist/tex/latex/fontspec/fontspec.cfg))) (/nix/store/s1awgirjjjx9q784fbncpzr9z75mllx2-texlive-combined-full-2023-final-texmfdist/tex/latex/float/float.sty
Package: float 2001/11/08 v1.3d Float enhancements (AL)
\c@float@type=\count273
\float@exts=\toks19
\float@box=\box52
\@float@everytoks=\toks20
\@floatcapt=\box53
) (/nix/store/s1awgirjjjx9q784fbncpzr9z75mllx2-texlive-combined-full-2023-final-texmfdist/tex/latex/cantarell/cantarell.sty
Package: cantarell 2019/06/20 Style file for Cantarell.
 (/nix/store/s1awgirjjjx9q784fbncpzr9z75mllx2-texlive-combined-full-2023-final-texmfdist/tex/latex/fontaxes/fontaxes.sty
Package: fontaxes 2020/07/21 v1.0e Font selection axes
LaTeX Info: Redefining \upshape on input line 29.
LaTeX Info: Redefining \itshape on input line 31.
LaTeX Info: Redefining \slshape on input line 33.
LaTeX Info: Redefining \swshape on input line 35.
LaTeX Info: Redefining \scshape on input line 37.
LaTeX Info: Redefining \sscshape on input line 39.
LaTeX Info: Redefining \ulcshape on input line 41.
LaTeX Info: Redefining \textsw on input line 47.
LaTeX Info: Redefining \textssc on input line 48.
LaTeX Info: Redefining \textulc on input line 49.
) (/nix/store/s1awgirjjjx9q784fbncpzr9z75mllx2-texlive-combined-full-2023-final-texmfdist/tex/generic/iftex/ifluatex.sty
Package: ifluatex 2019/10/25 v1.5 ifluatex legacy package. Use iftex instead.
 (/nix/store/s1awgirjjjx9q784fbncpzr9z75mllx2-texlive-combined-full-2023-final-texmfdist/tex/generic/iftex/iftex.sty
Package: iftex 2022/02/03 v1.0f TeX engine tests
)) (/nix/store/s1awgirjjjx9q784fbncpzr9z75mllx2-texlive-combined-full-2023-final-texmfdist/tex/generic/iftex/ifxetex.sty
Package: ifxetex 2019/10/25 v0.7 ifxetex legacy package. Use iftex instead.
) (/nix/store/s1awgirjjjx9q784fbncpzr9z75mllx2-texlive-combined-full-2023-final-texmfdist/tex/latex/xkeyval/xkeyval.sty
Package: xkeyval 2022/06/16 v2.9 package option processing (HA)

(/nix/store/s1awgirjjjx9q784fbncpzr9z75mllx2-texlive-combined-full-2023-final-texmfdist/tex/generic/xkeyval/xkeyval.tex (/nix/store/s1awgirjjjx9q784fbncpzr9z75mllx2-texlive-combined-full-2023-final-texmfdist/tex/generic/xkeyval/xkvutils.tex
\XKV@toks=\toks21
\XKV@tempa@toks=\toks22
 (/nix/store/s1awgirjjjx9q784fbncpzr9z75mllx2-texlive-combined-full-2023-final-texmfdist/tex/generic/xkeyval/keyval.tex))
\XKV@depth=\count274
File: xkeyval.tex 2014/12/03 v2.7a key=value parser (HA)
))

Package fontspec Info: Cantarell-Regular scale = 1.


Package fontspec Info: Cantarell-Thin scale = 1.

luaotfload | aux : font no 20 (nil) does not define feature smcp for script latn with language dflt

Package fontspec Info: Cantarell-Thin scale = 1.

luaotfload | aux : font no 20 (nil) does not define feature smcp for script latn with language dflt

Package fontspec Info: Cantarell-Light scale = 1.

luaotfload | aux : font no 21 (nil) does not define feature smcp for script latn with language dflt

Package fontspec Info: Cantarell-Light scale = 1.

luaotfload | aux : font no 21 (nil) does not define feature smcp for script latn with language dflt

Package fontspec Info: Cantarell-Bold scale = 1.

luaotfload | aux : font no 22 (nil) does not define feature smcp for script latn with language dflt

Package fontspec Info: Cantarell-Bold scale = 1.

luaotfload | aux : font no 22 (nil) does not define feature smcp for script latn with language dflt

Package fontspec Info: Cantarell-ExtraBold scale = 1.

luaotfload | aux : font no 23 (nil) does not define feature smcp for script latn with language dflt

Package fontspec Info: Cantarell-ExtraBold scale = 1.

luaotfload | aux : font no 23 (nil) does not define feature smcp for script latn with language dflt

Package fontspec Info: Cantarell-Regular scale = 1.

luaotfload | aux : font no 24 (nil) does not define feature smcp for script latn with language dflt

Package fontspec Info: Cantarell-Regular scale = 1.

luaotfload | aux : font no 24 (nil) does not define feature smcp for script latn with language dflt

Package fontspec Info: Font family 'cantarell-TLF' created for font
(fontspec)             'Cantarell' with options
(fontspec)             [Extension=.otf,Ligatures={TeX,Common},Scale=1,FontFace={el}{n}{*-Thin},FontFace={el}{it}{Font=*-Thin,FakeSlant=0.141},FontFace={l}{n}{*-Light},FontFace={l}{it}{Font=*-Light,FakeSlant=0.141},UprightFont={*-Regular},ItalicFont={*-Regular},ItalicFeatures={FakeSlant=0.141},FontFace={b}{n}{*-Bold},FontFace={b}{it}{Font=*-Bold,FakeSlant=0.141},BoldFont={*-Bold},BoldItalicFont={*-Bold},BoldItalicFeatures={FakeSlant=0.141},FontFace={eb}{n}{*-ExtraBold},FontFace={eb}{it}{Font=*-ExtraBold,FakeSlant=0.141},Numbers={Monospaced,Lining},NFSSFamily=cantarell-TLF].
(fontspec)              
(fontspec)              This font family consists of the following NFSS
(fontspec)             series/shapes:
(fontspec)              
(fontspec)             - (el/n) with NFSS spec.:
(fontspec)             <->s*[1]"[Cantarell-Thin.otf]:mode=node;script=latn;language=dflt;+tlig;+liga;+tnum;+lnum;"
(fontspec)             -  (el/sc) with NFSS spec.: 
(fontspec)             - (el/it) with NFSS spec.:
(fontspec)             <->s*[1]"[Cantarell-Thin.otf]:mode=node;script=latn;language=dflt;slant=0.141;+tlig;+liga;+tnum;+lnum;"
(fontspec)             -  (el/scit) with NFSS spec.: 
(fontspec)             - (l/n) with NFSS spec.:
(fontspec)             <->s*[1]"[Cantarell-Light.otf]:mode=node;script=latn;language=dflt;+tlig;+liga;+tnum;+lnum;"
(fontspec)             -  (l/sc) with NFSS spec.: 
(fontspec)             - (l/it) with NFSS spec.:
(fontspec)             <->s*[1]"[Cantarell-Light.otf]:mode=node;script=latn;language=dflt;slant=0.141;+tlig;+liga;+tnum;+lnum;"
(fontspec)             -  (l/scit) with NFSS spec.: 
(fontspec)             - 'bold' (b/n) with NFSS spec.:
(fontspec)             <->s*[1]"[Cantarell-Bold.otf]:mode=node;script=latn;language=dflt;+tlig;+liga;+tnum;+lnum;"
(fontspec)             - 'bold small caps'  (b/sc) with NFSS spec.: 
(fontspec)             - 'bold italic' (b/it) with NFSS spec.:
(fontspec)             <->s*[1]"[Cantarell-Bold.otf]:mode=node;script=latn;language=dflt;slant=0.141;+tlig;+liga;+tnum;+lnum;"
(fontspec)             - 'bold italic small caps'  (b/scit) with NFSS spec.: 
(fontspec)             - (eb/n) with NFSS spec.:
(fontspec)             <->s*[1]"[Cantarell-ExtraBold.otf]:mode=node;script=latn;language=dflt;+tlig;+liga;+tnum;+lnum;"
(fontspec)             -  (eb/sc) with NFSS spec.: 
(fontspec)             - (eb/it) with NFSS spec.:
(fontspec)             <->s*[1]"[Cantarell-ExtraBold.otf]:mode=node;script=latn;language=dflt;slant=0.141;+tlig;+liga;+tnum;+lnum;"
(fontspec)             -  (eb/scit) with NFSS spec.: 
(fontspec)             - 'normal' (m/n) with NFSS spec.:
(fontspec)             <->s*[1]"[Cantarell-Regular.otf]:mode=node;script=latn;language=dflt;+tlig;+liga;+tnum;+lnum;"
(fontspec)             - 'small caps'  (m/sc) with NFSS spec.: 
(fontspec)             - 'italic' (m/it) with NFSS spec.:
(fontspec)             <->s*[1]"[Cantarell-Regular.otf]:mode=node;script=latn;language=dflt;slant=0.141;+tlig;+liga;+tnum;+lnum;"
(fontspec)             - 'italic small caps'  (m/scit) with NFSS spec.: 


Package fontspec Info: Cantarell-Regular scale = 1.


Package fontspec Info: Cantarell-Thin scale = 1.

luaotfload | aux : font no 20 (nil) does not define feature smcp for script latn with language dflt

Package fontspec Info: Cantarell-Thin scale = 1.

luaotfload | aux : font no 20 (nil) does not define feature smcp for script latn with language dflt

Package fontspec Info: Cantarell-Light scale = 1.

luaotfload | aux : font no 21 (nil) does not define feature smcp for script latn with language dflt

Package fontspec Info: Cantarell-Light scale = 1.

luaotfload | aux : font no 21 (nil) does not define feature smcp for script latn with language dflt

Package fontspec Info: Cantarell-Bold scale = 1.

luaotfload | aux : font no 22 (nil) does not define feature smcp for script latn with language dflt

Package fontspec Info: Cantarell-Bold scale = 1.

luaotfload | aux : font no 22 (nil) does not define feature smcp for script latn with language dflt

Package fontspec Info: Cantarell-ExtraBold scale = 1.

luaotfload | aux : font no 23 (nil) does not define feature smcp for script latn with language dflt

Package fontspec Info: Cantarell-ExtraBold scale = 1.

luaotfload | aux : font no 23 (nil) does not define feature smcp for script latn with language dflt

Package fontspec Info: Cantarell-Regular scale = 1.

luaotfload | aux : font no 24 (nil) does not define feature smcp for script latn with language dflt

Package fontspec Info: Cantarell-Regular scale = 1.

luaotfload | aux : font no 24 (nil) does not define feature smcp for script latn with language dflt

Package fontspec Info: Font family 'cantarell-LF' created for font 'Cantarell'
(fontspec)             with options
(fontspec)             [Extension=.otf,Ligatures={TeX,Common},Scale=1,FontFace={el}{n}{*-Thin},FontFace={el}{it}{Font=*-Thin,FakeSlant=0.141},FontFace={l}{n}{*-Light},FontFace={l}{it}{Font=*-Light,FakeSlant=0.141},UprightFont={*-Regular},ItalicFont={*-Regular},ItalicFeatures={FakeSlant=0.141},FontFace={b}{n}{*-Bold},FontFace={b}{it}{Font=*-Bold,FakeSlant=0.141},BoldFont={*-Bold},BoldItalicFont={*-Bold},BoldItalicFeatures={FakeSlant=0.141},FontFace={eb}{n}{*-ExtraBold},FontFace={eb}{it}{Font=*-ExtraBold,FakeSlant=0.141},Numbers={Proportional,Lining},NFSSFamily=cantarell-LF].
(fontspec)              
(fontspec)              This font family consists of the following NFSS
(fontspec)             series/shapes:
(fontspec)              
(fontspec)             - (el/n) with NFSS spec.:
(fontspec)             <->s*[1]"[Cantarell-Thin.otf]:mode=node;script=latn;language=dflt;+tlig;+liga;+pnum;+lnum;"
(fontspec)             -  (el/sc) with NFSS spec.: 
(fontspec)             - (el/it) with NFSS spec.:
(fontspec)             <->s*[1]"[Cantarell-Thin.otf]:mode=node;script=latn;language=dflt;slant=0.141;+tlig;+liga;+pnum;+lnum;"
(fontspec)             -  (el/scit) with NFSS spec.: 
(fontspec)             - (l/n) with NFSS spec.:
(fontspec)             <->s*[1]"[Cantarell-Light.otf]:mode=node;script=latn;language=dflt;+tlig;+liga;+pnum;+lnum;"
(fontspec)             -  (l/sc) with NFSS spec.: 
(font