This is LuaHBTeX, Version 1.18.0 (TeX Live 2024/Arch Linux)  (format=lualatex 2024.11.9)  13 NOV 2024 17:07
 restricted system commands enabled.
 file:line:error style messages enabled.
**main.tex
(./main.tex
LaTeX2e <2023-11-01> patch level 1
L3 programming layer <2024-02-20>
Lua module: luaotfload 2024-02-14 3.28 Lua based OpenType font support
Lua module: lualibs 2023-07-13 2.76 ConTeXt Lua standard libraries.
Lua module: lualibs-extended 2023-07-13 2.76 ConTeXt Lua libraries -- extended collection.
luaotfload | conf : Root cache directory is "/home/marudka/.texlive/texmf-var/luatex-cache/generic/names".
luaotfload | init : Loading fontloader "fontloader-2023-12-28.lua" from kpse-resolved path "/usr/share/texmf-dist/tex/luatex/luaotfload/fontloader-2023-12-28.lua".
Lua-only attribute luaotfload@noligature = 1
luaotfload | init : Context OpenType loader version 3.134
Inserting `luaotfload.node_processor' in `pre_linebreak_filter'.
Inserting `luaotfload.node_processor' in `hpack_filter'.
Inserting `luaotfload.glyph_stream' in `glyph_stream_provider'.
Inserting `luaotfload.define_font' in `define_font'.
Lua-only attribute luaotfload_color_attribute = 2
luaotfload | conf : Root cache directory is "/home/marudka/.texlive/texmf-var/luatex-cache/generic/names".
Inserting `luaotfload.harf.strip_prefix' in `find_opentype_file'.
Inserting `luaotfload.harf.strip_prefix' in `find_truetype_file'.
Removing  `luaotfload.glyph_stream' from `glyph_stream_provider'.
Inserting `luaotfload.harf.glyphstream' in `glyph_stream_provider'.
Inserting `luaotfload.harf.finalize_vlist' in `post_linebreak_filter'.
Inserting `luaotfload.harf.finalize_hlist' in `hpack_filter'.
Inserting `luaotfload.cleanup_files' in `wrapup_run'.
Inserting `luaotfload.harf.finalize_unicode' in `finish_pdffile'.
Inserting `luaotfload.glyphinfo' in `glyph_info'.
Lua-only attribute luaotfload.letterspace_done = 3
Inserting `luaotfload.aux.set_sscale_dimens' in `luaotfload.patch_font'.
Inserting `luaotfload.aux.set_font_index' in `luaotfload.patch_font'.
Inserting `luaotfload.aux.patch_cambria_domh' in `luaotfload.patch_font'.
Inserting `luaotfload.aux.fixup_fontdata' in `luaotfload.patch_font_unsafe'.
Inserting `luaotfload.aux.set_capheight' in `luaotfload.patch_font'.
Inserting `luaotfload.aux.set_xheight' in `luaotfload.patch_font'.
Inserting `luaotfload.rewrite_fontname' in `luaotfload.patch_font'.
Inserting `tracingstacklevels' in `input_level_string'. (/usr/share/texmf-dist/tex/latex/base/book.cls
Document Class: book 2023/05/17 v1.4n Standard LaTeX document class
(/usr/share/texmf-dist/tex/latex/base/bk12.clo
File: bk12.clo 2023/05/17 v1.4n Standard LaTeX file (size option)
luaotfload | db : Font names database loaded from /home/marudka/.texlive/texmf-var/luatex-cache/generic/names/luaotfload-names.luc.gz)
\c@part=\count186
\c@chapter=\count187
\c@section=\count188
\c@subsection=\count189
\c@subsubsection=\count190
\c@paragraph=\count191
\c@subparagraph=\count192
\c@figure=\count193
\c@table=\count194
\abovecaptionskip=\skip48
\belowcaptionskip=\skip49
\bibindent=\dimen139
) (../../../template.sty

LaTeX Warning: You have requested package `../../../template',
               but the package provides `template'.

Package: template 
(/usr/share/texmf-dist/tex/latex/base/inputenc.sty
Package: inputenc 2021/02/14 v1.3d Input encoding file
\inpenc@prehook=\toks17
\inpenc@posthook=\toks18


Package inputenc Warning: inputenc package ignored with utf8 based engines.

) (/usr/share/texmf-dist/tex/latex/base/fontenc.sty
Package: fontenc 2021/04/29 v2.0v Standard LaTeX package
LaTeX Font Info:    Trying to load font information for T1+lmr on input line 112.
 (/usr/share/texmf-dist/tex/latex/lm/t1lmr.fd
File: t1lmr.fd 2015/05/01 v1.6.1 Font defs for Latin Modern
)) (/usr/share/texmf-dist/tex/latex/fontspec/fontspec.sty (/usr/share/texmf-dist/tex/latex/l3packages/xparse/xparse.sty (/usr/share/texmf-dist/tex/latex/l3kernel/expl3.sty
Package: expl3 2024-02-20 L3 programming layer (loader) 
 (/usr/share/texmf-dist/tex/latex/l3backend/l3backend-luatex.def
File: l3backend-luatex.def 2024-02-20 L3 backend support: PDF output (LuaTeX)
\l__color_backend_stack_int=\count195
Inserting `l3color' in `luaotfload.parse_color'.
\l__pdf_internal_box=\box51
))
Package: xparse 2024-02-18 L3 Experimental document command parser
)
Package: fontspec 2024/02/13 v2.9a Font selection for XeLaTeX and LuaLaTeX
Lua module: fontspec 2024/02/13 2.9a Font selection for XeLaTeX and LuaLaTeX (/usr/share/texmf-dist/tex/latex/fontspec/fontspec-luatex.sty
Package: fontspec-luatex 2024/02/13 v2.9a Font selection for XeLaTeX and LuaLaTeX
\l__fontspec_script_int=\count196
\l__fontspec_language_int=\count197
\l__fontspec_strnum_int=\count198
\l__fontspec_tmp_int=\count199
\l__fontspec_tmpa_int=\count266
\l__fontspec_tmpb_int=\count267
\l__fontspec_tmpc_int=\count268
\l__fontspec_em_int=\count269
\l__fontspec_emdef_int=\count270
\l__fontspec_strong_int=\count271
\l__fontspec_strongdef_int=\count272
\l__fontspec_tmpa_dim=\dimen140
\l__fontspec_tmpb_dim=\dimen141
\l__fontspec_tmpc_dim=\dimen142
 (/usr/share/texmf-dist/tex/latex/base/fontenc.sty
Package: fontenc 2021/04/29 v2.0v Standard LaTeX package
) (/usr/share/texmf-dist/tex/latex/fontspec/fontspec.cfg))) (/usr/share/texmf-dist/tex/latex/float/float.sty
Package: float 2001/11/08 v1.3d Float enhancements (AL)
\c@float@type=\count273
\float@exts=\toks19
\float@box=\box52
\@float@everytoks=\toks20
\@floatcapt=\box53
) (/usr/share/texmf-dist/tex/latex/cantarell/cantarell.sty
Package: cantarell 2019/06/20 Style file for Cantarell.
 (/usr/share/texmf-dist/tex/latex/fontaxes/fontaxes.sty
Package: fontaxes 2020/07/21 v1.0e Font selection axes
LaTeX Info: Redefining \upshape on input line 29.
LaTeX Info: Redefining \itshape on input line 31.
LaTeX Info: Redefining \slshape on input line 33.
LaTeX Info: Redefining \swshape on input line 35.
LaTeX Info: Redefining \scshape on input line 37.
LaTeX Info: Redefining \sscshape on input line 39.
LaTeX Info: Redefining \ulcshape on input line 41.
LaTeX Info: Redefining \textsw on input line 47.
LaTeX Info: Redefining \textssc on input line 48.
LaTeX Info: Redefining \textulc on input line 49.
) (/usr/share/texmf-dist/tex/generic/iftex/ifluatex.sty
Package: ifluatex 2019/10/25 v1.5 ifluatex legacy package. Use iftex instead.
 (/usr/share/texmf-dist/tex/generic/iftex/iftex.sty
Package: iftex 2022/02/03 v1.0f TeX engine tests
)) (/usr/share/texmf-dist/tex/generic/iftex/ifxetex.sty
Package: ifxetex 2019/10/25 v0.7 ifxetex legacy package. Use iftex instead.
) (/usr/share/texmf-dist/tex/latex/xkeyval/xkeyval.sty
Package: xkeyval 2022/06/16 v2.9 package option processing (HA)
 (/usr/share/texmf-dist/tex/generic/xkeyval/xkeyval.tex (/usr/share/texmf-dist/tex/generic/xkeyval/xkvutils.tex
\XKV@toks=\toks21
\XKV@tempa@toks=\toks22
 (/usr/share/texmf-dist/tex/generic/xkeyval/keyval.tex))
\XKV@depth=\count274
File: xkeyval.tex 2014/12/03 v2.7a key=value parser (HA)
))

Package fontspec Info: Cantarell-Regular scale = 1.


Package fontspec Info: Cantarell-Thin scale = 1.

luaotfload | aux : font no 20 (nil) does not define feature smcp for script latn with language dflt

Package fontspec Info: Cantarell-Thin scale = 1.

luaotfload | aux : font no 20 (nil) does not define feature smcp for script latn with language dflt

Package fontspec Info: Cantarell-Light scale = 1.

luaotfload | aux : font no 21 (nil) does not define feature smcp for script latn with language dflt

Package fontspec Info: Cantarell-Light scale = 1.

luaotfload | aux : font no 21 (nil) does not define feature smcp for script latn with language dflt

Package fontspec Info: Cantarell-Bold scale = 1.

luaotfload | aux : font no 22 (nil) does not define feature smcp for script latn with language dflt

Package fontspec Info: Cantarell-Bold scale = 1.

luaotfload | aux : font no 22 (nil) does not define feature smcp for script latn with language dflt

Package fontspec Info: Cantarell-ExtraBold scale = 1.

luaotfload | aux : font no 23 (nil) does not define feature smcp for script latn with language dflt

Package fontspec Info: Cantarell-ExtraBold scale = 1.

luaotfload | aux : font no 23 (nil) does not define feature smcp for script latn with language dflt

Package fontspec Info: Cantarell-Regular scale = 1.

luaotfload | aux : font no 24 (nil) does not define feature smcp for script latn with language dflt

Package fontspec Info: Cantarell-Regular scale = 1.

luaotfload | aux : font no 24 (nil) does not define feature smcp for script latn with language dflt

Package fontspec Info: Font family 'cantarell-TLF' created for font
(fontspec)             'Cantarell' with options
(fontspec)             [Extension=.otf,Ligatures={TeX,Common},Scale=1,FontFace={el}{n}{*-Thin},FontFace={el}{it}{Font=*-Thin,FakeSlant=0.141},FontFace={l}{n}{*-Light},FontFace={l}{it}{Font=*-Light,FakeSlant=0.141},UprightFont={*-Regular},ItalicFont={*-Regular},ItalicFeatures={FakeSlant=0.141},FontFace={b}{n}{*-Bold},FontFace={b}{it}{Font=*-Bold,FakeSlant=0.141},BoldFont={*-Bold},BoldItalicFont={*-Bold},BoldItalicFeatures={FakeSlant=0.141},FontFace={eb}{n}{*-ExtraBold},FontFace={eb}{it}{Font=*-ExtraBold,FakeSlant=0.141},Numbers={Monospaced,Lining},NFSSFamily=cantarell-TLF].
(fontspec)              
(fontspec)              This font family consists of the following NFSS
(fontspec)             series/shapes:
(fontspec)              
(fontspec)             - (el/n) with NFSS spec.:
(fontspec)             <->s*[1]"[Cantarell-Thin.otf]:mode=node;script=latn;language=dflt;+tlig;+liga;+tnum;+lnum;"
(fontspec)             -  (el/sc) with NFSS spec.: 
(fontspec)             - (el/it) with NFSS spec.:
(fontspec)             <->s*[1]"[Cantarell-Thin.otf]:mode=node;script=latn;language=dflt;slant=0.141;+tlig;+liga;+tnum;+lnum;"
(fontspec)             -  (el/scit) with NFSS spec.: 
(fontspec)             - (l/n) with NFSS spec.:
(fontspec)             <->s*[1]"[Cantarell-Light.otf]:mode=node;script=latn;language=dflt;+tlig;+liga;+tnum;+lnum;"
(fontspec)             -  (l/sc) with NFSS spec.: 
(fontspec)             - (l/it) with NFSS spec.:
(fontspec)             <->s*[1]"[Cantarell-Light.otf]:mode=node;script=latn;language=dflt;slant=0.141;+tlig;+liga;+tnum;+lnum;"
(fontspec)             -  (l/scit) with NFSS spec.: 
(fontspec)             - 'bold' (b/n) with NFSS spec.:
(fontspec)             <->s*[1]"[Cantarell-Bold.otf]:mode=node;script=latn;language=dflt;+tlig;+liga;+tnum;+lnum;"
(fontspec)             - 'bold small caps'  (b/sc) with NFSS spec.: 
(fontspec)             - 'bold italic' (b/it) with NFSS spec.:
(fontspec)             <->s*[1]"[Cantarell-Bold.otf]:mode=node;script=latn;language=dflt;slant=0.141;+tlig;+liga;+tnum;+lnum;"
(fontspec)             - 'bold italic small caps'  (b/scit) with NFSS spec.: 
(fontspec)             - (eb/n) with NFSS spec.:
(fontspec)             <->s*[1]"[Cantarell-ExtraBold.otf]:mode=node;script=latn;language=dflt;+tlig;+liga;+tnum;+lnum;"
(fontspec)             -  (eb/sc) with NFSS spec.: 
(fontspec)             - (eb/it) with NFSS spec.:
(fontspec)             <->s*[1]"[Cantarell-ExtraBold.otf]:mode=node;script=latn;language=dflt;slant=0.141;+tlig;+liga;+tnum;+lnum;"
(fontspec)             -  (eb/scit) with NFSS spec.: 
(fontspec)             - 'normal' (m/n) with NFSS spec.:
(fontspec)             <->s*[1]"[Cantarell-Regular.otf]:mode=node;script=latn;language=dflt;+tlig;+liga;+tnum;+lnum;"
(fontspec)             - 'small caps'  (m/sc) with NFSS spec.: 
(fontspec)             - 'italic' (m/it) with NFSS spec.:
(fontspec)             <->s*[1]"[Cantarell-Regular.otf]:mode=node;script=latn;language=dflt;slant=0.141;+tlig;+liga;+tnum;+lnum;"
(fontspec)             - 'italic small caps'  (m/scit) with NFSS spec.: 


Package fontspec Info: Cantarell-Regular scale = 1.


Package fontspec Info: Cantarell-Thin scale = 1.

luaotfload | aux : font no 20 (nil) does not define feature smcp for script latn with language dflt

Package fontspec Info: Cantarell-Thin scale = 1.

luaotfload | aux : font no 20 (nil) does not define feature smcp for script latn with language dflt

Package fontspec Info: Cantarell-Light scale = 1.

luaotfload | aux : font no 21 (nil) does not define feature smcp for script latn with language dflt

Package fontspec Info: Cantarell-Light scale = 1.

luaotfload | aux : font no 21 (nil) does not define feature smcp for script latn with language dflt

Package fontspec Info: Cantarell-Bold scale = 1.

luaotfload | aux : font no 22 (nil) does not define feature smcp for script latn with language dflt

Package fontspec Info: Cantarell-Bold scale = 1.

luaotfload | aux : font no 22 (nil) does not define feature smcp for script latn with language dflt

Package fontspec Info: Cantarell-ExtraBold scale = 1.

luaotfload | aux : font no 23 (nil) does not define feature smcp for script latn with language dflt

Package fontspec Info: Cantarell-ExtraBold scale = 1.

luaotfload | aux : font no 23 (nil) does not define feature smcp for script latn with language dflt

Package fontspec Info: Cantarell-Regular scale = 1.

luaotfload | aux : font no 24 (nil) does not define feature smcp for script latn with language dflt

Package fontspec Info: Cantarell-Regular scale = 1.

luaotfload | aux : font no 24 (nil) does not define feature smcp for script latn with language dflt

Package fontspec Info: Font family 'cantarell-LF' created for font 'Cantarell'
(fontspec)             with options
(fontspec)             [Extension=.otf,Ligatures={TeX,Common},Scale=1,FontFace={el}{n}{*-Thin},FontFace={el}{it}{Font=*-Thin,FakeSlant=0.141},FontFace={l}{n}{*-Light},FontFace={l}{it}{Font=*-Light,FakeSlant=0.141},UprightFont={*-Regular},ItalicFont={*-Regular},ItalicFeatures={FakeSlant=0.141},FontFace={b}{n}{*-Bold},FontFace={b}{it}{Font=*-Bold,FakeSlant=0.141},BoldFont={*-Bold},BoldItalicFont={*-Bold},BoldItalicFeatures={FakeSlant=0.141},FontFace={eb}{n}{*-ExtraBold},FontFace={eb}{it}{Font=*-ExtraBold,FakeSlant=0.141},Numbers={Proportional,Lining},NFSSFamily=cantarell-LF].
(fontspec)              
(fontspec)              This font family consists of the following NFSS
(fontspec)             series/shapes:
(fontspec)              
(fontspec)             - (el/n) with NFSS spec.:
(fontspec)             <->s*[1]"[Cantarell-Thin.otf]:mode=node;script=latn;language=dflt;+tlig;+liga;+pnum;+lnum;"
(fontspec)             -  (el/sc) with NFSS spec.: 
(fontspec)             - (el/it) with NFSS spec.:
(fontspec)             <->s*[1]"[Cantarell-Thin.otf]:mode=node;script=latn;language=dflt;slant=0.141;+tlig;+liga;+pnum;+lnum;"
(fontspec)             -  (el/scit) with NFSS spec.: 
(fontspec)             - (l/n) with NFSS spec.:
(fontspec)             <->s*[1]"[Cantarell-Light.otf]:mode=node;script=latn;language=dflt;+tlig;+liga;+pnum;+lnum;"
(fontspec)             -  (l/sc) with NFSS spec.: 
(fontspec)             - (l/it) with NFSS spec.:
(fontspec)             <->s*[1]"[Cantarell-Light.otf]:mode=node;script=latn;language=dflt;slant=0.141;+tlig;+liga;+pnum;+lnum;"
(fontspec)             -  (l/scit) with NFSS spec.: 
(fontspec)             - 'bold' (b/n) with NFSS spec.:
(fontspec)             <->s*[1]"[Cantarell-Bold.otf]:mode=node;script=latn;language=dflt;+tlig;+liga;+pnum;+lnum;"
(fontspec)             - 'bold small caps'  (b/sc) with NFSS spec.: 
(fontspec)             - 'bold italic' (b/it) with NFSS spec.:
(fontspec)             <->s*[1]"[Cantarell-Bold.otf]:mode=node;script=latn;language=dflt;slant=0.141;+tlig;+liga;+pnum;+lnum;"
(fontspec)             - 'bold italic small caps'  (b/scit) with NFSS spec.: 
(fontspec)             - (eb/n) with NFSS spec.:
(fontspec)             <->s*[1]"[Cantarell-ExtraBold.otf]:mode=node;script=latn;language=dflt;+tlig;+liga;+pnum;+lnum;"
(fontspec)             -  (eb/sc) with NFSS spec.: 
(fontspec)             - (eb/it) with NFSS spec.:
(fontspec)             <->s*[1]"[Cantarell-ExtraBold.otf]:mode=node;script=latn;language=dflt;slant=0.141;+tlig;+liga;+pnum;+lnum;"
(fontspec)             -  (eb/scit) with NFSS spec.: 
(fontspec)             - 'normal' (m/n) with NFSS spec.:
(fontspec)             <->s*[1]"[Cantarell-Regular.otf]:mode=node;script=latn;language=dflt;+tlig;+liga;+pnum;+lnum;"
(fontspec)             - 'small caps'  (m/sc) with NFSS spec.: 
(fontspec)             - 'italic' (m/it) with NFSS spec.:
(fontspec)             <->s*[1]"[Cantarell-Regular.otf]:mode=node;script=latn;language=dflt;slant=0.141;+tlig;+liga;+pnum;+lnum;"
(fontspec)             - 'italic small caps'  (m/scit) with NFSS spec.: 


Package fontspec Info: Cantarell-Regular scale = 1.


Package fontspec Info: Cantarell-Thin scale = 1.

luaotfload | aux : font no 20 (nil) does not define feature smcp for script latn with language dflt

Package fontspec Info: Cantarell-Thin scale = 1.

luaotfload | aux : font no 20 (nil) does not define feature smcp for script latn with language dflt

Package fontspec Info: Cantarell-Light scale = 1.

luaotfload | aux : font no 21 (nil) does not define feature smcp for script latn with language dflt

Package fontspec Info: Cantarell-Light scale = 1.

luaotfload | aux : font no 21 (nil) does not define feature smcp for script latn with language dflt

Package fontspec Info: Cantarell-Bold scale = 1.

luaotfload | aux : font no 22 (nil) does not define feature smcp for script latn with language dflt

Package fontspec Info: Cantarell-Bold scale = 1.

luaotfload | aux : font no 22 (nil) does not define feature smcp for script latn with language dflt

Package fontspec Info: Cantarell-ExtraBold scale = 1.

luaotfload | aux : font no 23 (nil) does not define feature smcp for script latn with language dflt

Package fontspec Info: Cantarell-ExtraBold scale = 1.

luaotfload | aux : font no 23 (nil) does not define feature smcp for script latn with language dflt

Package fontspec Info: Cantarell-Regular scale = 1.

luaotfload | aux : font no 24 (nil) does not define feature smcp for script latn with language dflt

Package fontspec Info: Cantarell-Regular scale = 1.

luaotfload | aux : font no 24 (nil) does not define feature smcp for script latn with language dflt

Package fontspec Info: Font family 'cantarell-TOsF' created for font
(fontspec)             'Cantarell' with options
(fontspec)             [Extension=.otf,Ligatures={TeX,Common},Scale=1,FontFace={el}{n}{*-Thin},FontFace={el}{it}{Font=*-Thin,FakeSlant=0.141},FontFace={l}{n}{*-Light},FontFace={l}{it}{Font=*-Light,FakeSlant=0.141},UprightFont={*-Regular},ItalicFont={*-Regular},ItalicFeatures={FakeSlant=0.141},FontFace={b}{n}{*-Bold},FontFace={b}{it}{Font=*-Bold,FakeSlant=0.141},BoldFont={*-Bold},BoldItalicFont={*-Bold},BoldItalicFeatures={FakeSlant=0.141},FontFace={eb}{n}{*-ExtraBold},FontFace={eb}{it}{Font=*-ExtraBold,FakeSlant=0.141},Numbers={Monospaced,OldStyle},NFSSFamily=cantarell-TOsF].
(fontspec)              
(fontspec)              This font family consists of the following NFSS
(fontspec)             series/shapes:
(fontspec)              
(fontspec)             - (el/n) with NFSS spec.:
(fontspec)             <->s*[1]"[Cantarell-Thin.otf]:mode=node;script=latn;language=dflt;+tlig;+liga;+tnum;+onum;"
(fontspec)             -  (el/sc) with NFSS spec.: 
(fontspec)             - (el/it) with NFSS spec.:
(fontspec)             <->s*[1]"[Cantarell-Thin.otf]:mode=node;script=latn;language=dflt;slant=0.141;+tlig;+liga;+tnum;+onum;"
(fontspec)             -  (el/scit) with NFSS spec.: 
(fontspec)             - (l/n) with NFSS spec.:
(fontspec)             <->s*[1]"[Cantarell-Light.otf]:mode=node;script=latn;language=dflt;+tlig;+liga;+tnum;+onum;"
(fontspec)             -  (l/sc) with NFSS spec.: 
(fontspec)             - (l/it) with NFSS spec.:
(fontspec)             <->s*[1]"[Cantarell-Light.otf]:mode=node;script=latn;language=dflt;slant=0.141;+tlig;+liga;+tnum;+onum;"
(fontspec)             -  (l/scit) with NFSS spec.: 
(fontspec)             - 'bold' (b/n) with NFSS spec.:
(fontspec)             <->s*[1]"[Cantarell-Bold.otf]:mode=node;script=latn;language=dflt;+tlig;+liga;+tnum;+onum;"
(fontspec)             - 'bold small caps'  (b/sc) with NFSS spec.: 
(fontspec)             - 'bold italic' (b/it) with NFSS spec.:
(fontspec)             <->s*[1]"[Cantarell-Bold.otf]:mode=node;script=latn;language=dflt;slant=0.141;+tlig;+liga;+tnum;+onum;"
(fontspec)             - 'bold italic small caps'  (b/scit) with NFSS spec.: 
(fontspec)             - (eb/n) with NFSS spec.:
(fontspec)             <->s*[1]"[Cantarell-ExtraBold.otf]:mode=node;script=latn;language=dflt;+tlig;+liga;+tnum;+onum;"
(fontspec)             -  (eb/sc) with NFSS spec.: 
(fontspec)             - (eb/it) with NFSS spec.:
(fontspec)             <->s*[1]"[Cantarell-ExtraBold.otf]:mode=node;script=latn;language=dflt;slant=0.141;+tlig;+liga;+tnum;+onum;"
(fontspec)             -  (eb/scit) with NFSS spec.: 
(fontspec)             - 'normal' (m/n) with NFSS spec.:
(fontspec)             <->s*[1]"[Cantarell-Regular.otf]:mode=node;script=latn;language=dflt;+tlig;+liga;+tnum;+onum;"
(fontspec)             - 'small caps'  (m/sc) with NFSS spec.: 
(fontspec)             - 'italic' (m/it) with NFSS spec.:
(fontspec)             <->s*[1]"[Cantarell-Regular.otf]:mode=node;script=latn;language=dflt;slant=0.141;+tlig;+liga;+tnum;+onum;"
(fontspec)             - 'italic small caps'  (m/scit) with NFSS spec.: 


Package fontspec Info: Cantarell-Regular scale = 1.


Package fontspec Info: Cantarell-Thin scale = 1.

luaotfload | aux : font no 20 (nil) does not define feature smcp for script latn with language dflt

Package fontspec Info: Cantarell-Thin scale = 1.

luaotfload | aux : font no 20 (nil) does not define feature smcp for script latn with language dflt

Package fontspec Info: Cantarell-Light scale = 1.

luaotfload | aux : font no 21 (nil) does not define feature smcp for script latn with language dflt

Package fontspec Info: Cantarell-Light scale = 1.

luaotfload | aux : font no 21 (nil) does not define feature smcp for script latn with language dflt

Package fontspec Info: Cantarell-Bold scale = 1.

luaotfload | aux : font no 22 (nil) does not define feature smcp for script latn with language dflt

Package fontspec Info: Cantarell-Bold scale = 1.

luaotfload | aux : font no 22 (nil) does not define feature smcp for script latn with language dflt

Package fontspec Info: Cantarell-ExtraBold scale = 1.

luaotfload | aux : font no 23 (nil) does not define feature smcp for script latn with language dflt

Package fontspec Info: Cantarell-ExtraBold scale = 1.

luaotfload | aux : font no 23 (nil) does not define feature smcp for script latn with language dflt

Package fontspec Info: Cantarell-Regular scale = 1.

luaotfload | aux : font no 24 (nil) does not define feature smcp for script latn with language dflt

Package fontspec Info: Cantarell-Regular scale = 1.

luaotfload | aux : font no 24 (nil) does not define feature smcp for script latn with language dflt

Package fontspec Info: Font family 'cantarell-OsF' created for font
(fontspec)             'Cantarell' with options
(fontspec)             [Extension=.otf,Ligatures={TeX,Common},Scale=1,FontFace={el}{n}{*-Thin},FontFace={el}{it}{Font=*-Thin,FakeSlant=0.141},FontFace={l}{n}{*-Light},FontFace={l}{it}{Font=*-Light,FakeSlant=0.141},UprightFont={*-Regular},ItalicFont={*-Regular},ItalicFeatures={FakeSlant=0.141},FontFace={b}{n}{*-Bold},FontFace={b}{it}{Font=*-Bold,FakeSlant=0.141},BoldFont={*-Bold},BoldItalicFont={*-Bold},BoldItalicFeatures={FakeSlant=0.141},FontFace={eb}{n}{*-ExtraBold},FontFace={eb}{it}{Font=*-ExtraBold,FakeSlant=0.141},Numbers={Proportional,OldStyle},NFSSFamily=cantarell-OsF].
(fontspec)              
(fontspec)              This font family consists of the following NFSS
(fontspec)             series/shapes:
(fontspec)              
(fontspec)             - (el/n) with NFSS spec.:
(fontspec)             <->s*[1]"[Cantarell-Thin.otf]:mode=node;script=latn;language=dflt;+tlig;+liga;+pnum;+onum;"
(fontspec)             -  (el/sc) with NFSS spec.: 
(fontspec)             - (el/it) with NFSS spec.:
(fontspec)             <->s*[1]"[Cantarell-Thin.otf]:mode=node;script=latn;language=dflt;slant=0.141;+tlig;+liga;+pnum;+onum;"
(fontspec)             -  (el/scit) with NFSS spec.: 
(fontspec)             - (l/n) with NFSS spec.:
(fontspec)             <->s*[1]"[Cantarell-Light.otf]:mode=node;script=latn;language=dflt;+tlig;+liga;+pnum;+onum;"
(fontspec)             -  (l/sc) with NFSS spec.: 
(fontspec)             - (l/it) with NFSS spec.:
(fontspec)             <->s*[1]"[Cantarell-Light.otf]:mode=node;script=latn;language=dflt;slant=0.141;+tlig;+liga;+pnum;+onum;"
(fontspec)             -  (l/scit) with NFSS spec.: 
(fontspec)             - 'bold' (b/n) with NFSS spec.:
(fontspec)             <->s*[1]"[Cantarell-Bold.otf]:mode=node;script=latn;language=dflt;+tlig;+liga;+pnum;+onum;"
(fontspec)             - 'bold small caps'  (b/sc) with NFSS spec.: 
(fontspec)             - 'bold italic' (b/it) with NFSS spec.:
(fontspec)             <->s*[1]"[Cantarell-Bold.otf]:mode=node;script=latn;language=dflt;slant=0.141;+tlig;+liga;+pnum;+onum;"
(fontspec)             - 'bold italic small caps'  (b/scit) with NFSS spec.: 
(fontspec)             - (eb/n) with NFSS spec.:
(fontspec)             <->s*[1]"[Cantarell-ExtraBold.otf]:mode=node;script=latn;language=dflt;+tlig;+liga;+pnum;+onum;"
(fontspec)             -  (eb/sc) with NFSS spec.: 
(fontspec)             - (eb/it) with NFSS spec.:
(fontspec)             <->s*[1]"[Cantarell-ExtraBold.otf]:mode=node;script=latn;language=dflt;slant=0.141;+tlig;+liga;+pnum;+onum;"
(fontspec)             -  (eb/scit) with NFSS spec.: 
(fontspec)             - 'normal' (m/n) with NFSS spec.:
(fontspec)             <->s*[1]"[Cantarell-Regular.otf]:mode=node;script=latn;language=dflt;+tlig;+liga;+pnum;+onum;"
(fontspec)             - 'small caps'  (m/sc) with NFSS spec.: 
(fontspec)             - 'italic' (m/it) with NFSS spec.:
(fontspec)             <->s*[1]"[Cantarell-Regular.otf]:mode=node;script=latn;language=dflt;slant=0.141;+tlig;+liga;+pnum;+onum;"
(fontspec)             - 'italic small caps'  (m/scit) with NFSS spec.: 


Package fontspec Info: Cantarell-Regular scale = 1.


Package fontspec Info: Cantarell-Thin scale = 1.

luaotfload | aux : font no 20 (nil) does not define feature smcp for script latn with language dflt

Package fontspec Info: Cantarell-Thin scale = 1.

luaotfload | aux : font no 20 (nil) does not define feature smcp for script latn with language dflt

Package fontspec Info: Cantarell-Light scale = 1.

luaotfload | aux : font no 21 (nil) does not define feature smcp for script latn with language dflt

Package fontspec Info: Cantarell-Light scale = 1.

luaotfload | aux : font no 21 (nil) does not define feature smcp for script latn with language dflt

Package fontspec Info: Cantarell-Bold scale = 1.

luaotfload | aux : font no 22 (nil) does not define feature smcp for script latn with language dflt

Package fontspec Info: Cantarell-Bold scale = 1.

luaotfload | aux : font no 22 (nil) does not define feature smcp for script latn with language dflt

Package fontspec Info: Cantarell-ExtraBold scale = 1.

luaotfload | aux : font no 23 (nil) does not define feature smcp for script latn with language dflt

Package fontspec Info: Cantarell-ExtraBold scale = 1.

luaotfload | aux : font no 23 (nil) does not define feature smcp for script latn with language dflt

Package fontspec Info: Cantarell-Regular scale = 1.

luaotfload | aux : font no 24 (nil) does not define feature smcp for script latn with language dflt

Package fontspec Info: Cantarell-Regular scale = 1.

luaotfload | aux : font no 24 (nil) does not define feature smcp for script latn with language dflt

Package fontspec Info: Font family 'fca' created for font 'Cantarell' with
(fontspec)             options
(fontspec)             [Extension=.otf,Ligatures={TeX,Common},Scale=1,FontFace={el}{n}{*-Thin},FontFace={el}{it}{Font=*-Thin,FakeSlant=0.141},FontFace={l}{n}{*-Light},FontFace={l}{it}{Font=*-Light,FakeSlant=0.141},UprightFont={*-Regular},ItalicFont={*-Regular},ItalicFeatures={FakeSlant=0.141},FontFace={b}{n}{*-Bold},FontFace={b}{it}{Font=*-Bold,FakeSlant=0.141},BoldFont={*-Bold},BoldItalicFont={*-Bold},BoldItalicFeatures={FakeSlant=0.141},FontFace={eb}{n}{*-ExtraBold},FontFace={eb}{it}{Font=*-ExtraBold,FakeSlant=0.141},Numbers={Monospaced,Lining},NFSSFamily=fca].
(fontspec)              
(fontspec)              This font family consists of the following NFSS
(fontspec)             series/shapes:
(fontspec)              
(fontspec)             - (el/n) with NFSS spec.:
(fontspec)             <->s*[1]"[Cantarell-Thin.otf]:mode=node;script=latn;language=dflt;+tlig;+liga;+tnum;+lnum;"
(fontspec)             -  (el/sc) with NFSS spec.: 
(fontspec)             - (el/it) with NFSS spec.:
(fontspec)             <->s*[1]"[Cantarell-Thin.otf]:mode=node;script=latn;language=dflt;slant=0.141;+tlig;+liga;+tnum;+lnum;"
(fontspec)             -  (el/scit) with NFSS spec.: 
(fontspec)             - (l/n) with NFSS spec.:
(fontspec)             <->s*[1]"[Cantarell-Light.otf]:mode=node;script=latn;language=dflt;+tlig;+liga;+tnum;+lnum;"
(fontspec)             -  (l/sc) with NFSS spec.: 
(fontspec)             - (l/it) with NFSS spec.:
(fontspec)             <->s*[1]"[Cantarell-Light.otf]:mode=node;script=latn;language=dflt;slant=0.141;+tlig;+liga;+tnum;+lnum;"
(fontspec)             -  (l/scit) with NFSS spec.: 
(fontspec)             - 'bold' (b/n) with NFSS spec.:
(fontspec)             <->s*[1]"[Cantarell-Bold.otf]:mode=node;script=latn;language=dflt;+tlig;+liga;+tnum;+lnum;"
(fontspec)             - 'bold small caps'  (b/sc) with NFSS spec.: 
(fontspec)             - 'bold italic' (b/it) with NFSS spec.:
(fontspec)             <->s*[1]"[Cantarell-Bold.otf]:mode=node;script=latn;language=dflt;slant=0.141;+tlig;+liga;+tnum;+lnum;"
(fontspec)             - 'bold italic small caps'  (b/scit) with NFSS spec.: 
(fontspec)             - (eb/n) with NFSS spec.:
(fontspec)             <->s*[1]"[Cantarell-ExtraBold.otf]:mode=node;script=latn;language=dflt;+tlig;+liga;+tnum;+lnum;"
(fontspec)             -  (eb/sc) with NFSS spec.: 
(fontspec)             - (eb/it) with NFSS spec.:
(fontspec)             <->s*[1]"[Cantarell-ExtraBold.otf]:mode=node;script=latn;language=dflt;slant=0.141;+tlig;+liga;+tnum;+lnum;"
(fontspec)             -  (eb/scit) with NFSS spec.: 
(fontspec)             - 'normal' (m/n) with NFSS spec.:
(fontspec)             <->s*[1]"[Cantarell-Regular.otf]:mode=node;script=latn;language=dflt;+tlig;+liga;+tnum;+lnum;"
(fontspec)             - 'small caps'  (m/sc) with NFSS spec.: 
(fontspec)             - 'italic' (m/it) with NFSS spec.:
(fontspec)             <->s*[1]"[Cantarell-Regular.otf]:mode=node;script=latn;language=dflt;slant=0.141;+tlig;+liga;+tnum;+lnum;"
(fontspec)             - 'italic small caps'  (m/scit) with NFSS spec.: 


Package fontspec Info: Cantarell-Regular scale = 1.


Package fontspec Info: Cantarell-Thin scale = 1.

luaotfload | aux : font no 20 (nil) does not define feature smcp for script latn with language dflt

Package fontspec Info: Cantarell-Thin scale = 1.

luaotfload | aux : font no 20 (nil) does not define feature smcp for script latn with language dflt

Package fontspec Info: Cantarell-Light scale = 1.

luaotfload | aux : font no 21 (nil) does not define feature smcp for script latn with language dflt

Package fontspec Info: Cantarell-Light scale = 1.

luaotfload | aux : font no 21 (nil) does not define feature smcp for script latn with language dflt

Package fontspec Info: Cantarell-Bold scale = 1.

luaotfload | aux : font no 22 (nil) does not define feature smcp for script latn with language dflt

Package fontspec Info: Cantarell-Bold scale = 1.

luaotfload | aux : font no 22 (nil) does not define feature smcp for script latn with language dflt

Package fontspec Info: Cantarell-ExtraBold scale = 1.

luaotfload | aux : font no 23 (nil) does not define feature smcp for script latn with language dflt

Package fontspec Info: Cantarell-ExtraBold scale = 1.

luaotfload | aux : font no 23 (nil) does not define feature smcp for script latn with language dflt

Package fontspec Info: Cantarell-Regular scale = 1.

luaotfload | aux : font no 24 (nil) does not define feature smcp for script latn with language dflt

Package fontspec Info: Cantarell-Regular scale = 1.

luaotfload | aux : font no 24 (nil) does not define feature smcp for script latn with language dflt

Package fontspec Info: Font family 'Cantarell(0)' created for font 'Cantarell'
(fontspec)             with options
(fontspec)             [Ligatures=TeX,Extension=.otf,Ligatures={TeX,Common},Scale=1,FontFace={el}{n}{*-Thin},FontFace={el}{it}{Font=*-Thin,FakeSlant=0.141},FontFace={l}{n}{*-Light},FontFace={l}{it}{Font=*-Light,FakeSlant=0.141},UprightFont={*-Regular},ItalicFont={*-Regular},ItalicFeatures={FakeSlant=0.141},FontFace={b}{n}{*-Bold},FontFace={b}{it}{Font=*-Bold,FakeSlant=0.141},BoldFont={*-Bold},BoldItalicFont={*-Bold},BoldItalicFeatures={FakeSlant=0.141},FontFace={eb}{n}{*-ExtraBold},FontFace={eb}{it}{Font=*-ExtraBold,FakeSlant=0.141},Numbers={Monospaced,Lining}].
(fontspec)              
(fontspec)              This font family consists of the following NFSS
(fontspec)             series/shapes:
(fontspec)              
(fontspec)             - (el/n) with NFSS spec.:
(fontspec)             <->s*[1]"[Cantarell-Thin.otf]:mode=node;script=latn;language=dflt;+tlig;+liga;+tnum;+lnum;"
(fontspec)             -  (el/sc) with NFSS spec.: 
(fontspec)             - (el/it) with NFSS spec.:
(fontspec)             <->s*[1]"[Cantarell-Thin.otf]:mode=node;script=latn;language=dflt;slant=0.141;+tlig;+liga;+tnum;+lnum;"
(fontspec)             -  (el/scit) with NFSS spec.: 
(fontspec)             - (l/n) with NFSS spec.:
(fontspec)             <->s*[1]"[Cantarell-Light.otf]:mode=node;script=latn;language=dflt;+tlig;+liga;+tnum;+lnum;"
(fontspec)             -  (l/sc) with NFSS spec.: 
(fontspec)             - (l/it) with NFSS spec.:
(fontspec)             <->s*[1]"[Cantarell-Light.otf]:mode=node;script=latn;language=dflt;slant=0.141;+tlig;+liga;+tnum;+lnum;"
(fontspec)             -  (l/scit) with NFSS spec.: 
(fontspec)             - 'bold' (b/n) with NFSS spec.:
(fontspec)             <->s*[1]"[Cantarell-Bold.otf]:mode=node;script=latn;language=dflt;+tlig;+liga;+tnum;+lnum;"
(fontspec)             - 'bold small caps'  (b/sc) with NFSS spec.: 
(fontspec)             - 'bold italic' (b/it) with NFSS spec.:
(fontspec)             <->s*[1]"[Cantarell-Bold.otf]:mode=node;script=latn;language=dflt;slant=0.141;+tlig;+liga;+tnum;+lnum;"
(fontspec)             - 'bold italic small caps'  (b/scit) with NFSS spec.: 
(fontspec)             - (eb/n) with NFSS spec.:
(fontspec)             <->s*[1]"[Cantarell-ExtraBold.otf]:mode=node;script=latn;language=dflt;+tlig;+liga;+tnum;+lnum;"
(fontspec)             -  (eb/sc) with NFSS spec.: 
(fontspec)             - (eb/it) with NFSS spec.:
(fontspec)             <->s*[1]"[Cantarell-ExtraBold.otf]:mode=node;script=latn;language=dflt;slant=0.141;+tlig;+liga;+tnum;+lnum;"
(fontspec)             -  (eb/scit) with NFSS spec.: 
(fontspec)             - 'normal' (m/n) with NFSS spec.:
(fontspec)             <->s*[1]"[Cantarell-Regular.otf]:mode=node;script=latn;language=dflt;+tlig;+liga;+tnum;+lnum;"
(fontspec)             - 'small caps'  (m/sc) with NFSS spec.: 
(fontspec)             - 'italic' (m/it) with NFSS spec.:
(fontspec)             <->s*[1]"[Cantarell-Regular.otf]:mode=node;script=latn;language=dflt;slant=0.141;+tlig;+liga;+tnum;+lnum;"
(fontspec)             - 'italic small caps'  (m/scit) with NFSS spec.: 

LaTeX Font Info:    Font shape `TU/Cantarell(0)/m/n' will be
(Font)              scaled to size 12.0pt on input line 151.
) (/usr/share/texmf-dist/tex/latex/geometry/geometry.sty
Package: geometry 2020/01/02 v5.9 Page Geometry
 (/usr/share/texmf-dist/tex/generic/iftex/ifvtex.sty
Package: ifvtex 2019/10/25 v1.7 ifvtex legacy package. Use iftex instead.
)
\Gm@cnth=\count275
\Gm@cntv=\count276
\c@Gm@tempcnt=\count277
\Gm@bindingoffset=\dimen143
\Gm@wd@mp=\dimen144
\Gm@odd@mp=\dimen145
\Gm@even@mp=\dimen146
\Gm@layoutwidth=\dimen147
\Gm@layoutheight=\dimen148
\Gm@layouthoffset=\dimen149
\Gm@layoutvoffset=\dimen150
\Gm@dimlist=\toks23
) (/usr/share/texmf-dist/tex/latex/parskip/parskip.sty
Package: parskip 2021-03-14 v2.0h non-zero parskip adjustments
 (/usr/share/texmf-dist/tex/latex/kvoptions/kvoptions.sty
Package: kvoptions 2022-06-15 v3.15 Key value format for package options (HO)
 (/usr/share/texmf-dist/tex/generic/ltxcmds/ltxcmds.sty
Package: ltxcmds 2023-12-04 v1.26 LaTeX kernel commands for general use (HO)
) (/usr/share/texmf-dist/tex/latex/kvsetkeys/kvsetkeys.sty
Package: kvsetkeys 2022-10-05 v1.19 Key value parser (HO)
)) (/usr/share/texmf-dist/tex/latex/etoolbox/etoolbox.sty
Package: etoolbox 2020/10/05 v2.5k e-TeX tools for LaTeX (JAW)
\etb@tempcnta=\count278
)) (/usr/share/texmf-dist/tex/latex/amsfonts/amsfonts.sty
Package: amsfonts 2013/01/14 v3.01 Basic AMSFonts support
\@emptytoks=\toks24
\symAMSa=\mathgroup4
\symAMSb=\mathgroup5
LaTeX Font Info:    Redeclaring math symbol \hbar on input line 98.
LaTeX Font Info:    Overwriting math alphabet `\mathfrak' in version `bold'
(Font)                  U/euf/m/n --> U/euf/b/n on input line 106.
) (/usr/share/texmf-dist/tex/latex/amsmath/amsmath.sty
Package: amsmath 2023/05/13 v2.17o AMS math features
\@mathmargin=\skip50

For additional information on amsmath, use the `?' option.
(/usr/share/texmf-dist/tex/latex/amsmath/amstext.sty
Package: amstext 2021/08/26 v2.01 AMS text
 (/usr/share/texmf-dist/tex/latex/amsmath/amsgen.sty
File: amsgen.sty 1999/11/30 v2.0 generic functions
\@emptytoks=\toks25
\ex@=\dimen151
)) (/usr/share/texmf-dist/tex/latex/amsmath/amsbsy.sty
Package: amsbsy 1999/11/29 v1.2d Bold Symbols
\pmbraise@=\dimen152
) (/usr/share/texmf-dist/tex/latex/amsmath/amsopn.sty
Package: amsopn 2022/04/08 v2.04 operator names
)
\inf@bad=\count279
LaTeX Info: Redefining \frac on input line 236.
\uproot@=\count280
\leftroot@=\count281
LaTeX Info: Redefining \overline on input line 399.
LaTeX Info: Redefining \colon on input line 410.
\classnum@=\count282
\DOTSCASE@=\count283
LaTeX Info: Redefining \ldots on input line 496.
LaTeX Info: Redefining \dots on input line 499.
LaTeX Info: Redefining \cdots on input line 620.
\Mathstrutbox@=\box54
\strutbox@=\box55
LaTeX Info: Redefining \big on input line 722.
LaTeX Info: Redefining \Big on input line 723.
LaTeX Info: Redefining \bigg on input line 724.
LaTeX Info: Redefining \Bigg on input line 725.
\big@size=\dimen153
LaTeX Font Info:    Redeclaring font encoding OML on input line 743.
LaTeX Font Info:    Redeclaring font encoding OMS on input line 744.
\macc@depth=\count284
LaTeX Info: Redefining \bmod on input line 905.
LaTeX Info: Redefining \pmod on input line 910.
LaTeX Info: Redefining \smash on input line 940.
LaTeX Info: Redefining \relbar on input line 970.
LaTeX Info: Redefining \Relbar on input line 971.
\c@MaxMatrixCols=\count285
\dotsspace@=\muskip16
\c@parentequation=\count286
\dspbrk@lvl=\count287
\tag@help=\toks26
\row@=\count288
\column@=\count289
\maxfields@=\count290
\andhelp@=\toks27
\eqnshift@=\dimen154
\alignsep@=\dimen155
\tagshift@=\dimen156
\tagwidth@=\dimen157
\totwidth@=\dimen158
\lineht@=\dimen159
\@envbody=\toks28
\multlinegap=\skip51
\multlinetaggap=\skip52
\mathdisplay@stack=\toks29
LaTeX Info: Redefining \[ on input line 2953.
LaTeX Info: Redefining \] on input line 2954.
) (/usr/share/texmf-dist/tex/latex/amsfonts/amssymb.sty
Package: amssymb 2013/01/14 v3.01 AMS font symbols
) (/usr/share/texmf-dist/tex/latex/mathastext/mathastext.sty
Package: mathastext 2023/12/29 v1.3zb Use the text font in math mode (JFB)

Package mathastext Info: Starting the math mode configuration.
\mst@exists@muskip=\muskip17
\mst@forall@muskip=\muskip18
\mst@prime@muskip=\muskip19
\mst@do@nonletters=\toks30
\mst@do@easynonletters=\toks31
\mst@do@az=\toks32
\mst@do@AZ=\toks33
\symmtoperatorfont=\mathgroup6
\symmtletterfont=\mathgroup7
(   mathastext:   ) punctuation: , . : ; and \colon
(   mathastext:   ) \imath and \jmath 
LaTeX Font Info:    Overwriting math alphabet `\Mathnormalbold' in version `normal'
(Font)                  TU/Cantarell(0)/b/n --> TU/Cantarell(0)/b/n on input line 2516.
LaTeX Font Info:    Overwriting math alphabet `\Mathnormalbold' in version `bold'
(Font)                  TU/Cantarell(0)/b/n --> TU/Cantarell(0)/b/n on input line 2516.
LaTeX Font Info:    Overwriting symbol font `mtletterfont' in version `normal'
(Font)                  TU/Cantarell(0)/m/n --> TU/Cantarell(0)/m/n on input line 2516.
LaTeX Font Info:    Overwriting symbol font `mtletterfont' in version `bold'
(Font)                  TU/Cantarell(0)/m/n --> TU/Cantarell(0)/b/n on input line 2516.
LaTeX Font Info:    Overwriting symbol font `mtoperatorfont' in version `normal'
(Font)                  TU/Cantarell(0)/m/n --> TU/Cantarell(0)/m/n on input line 2516.
LaTeX Font Info:    Overwriting symbol font `mtoperatorfont' in version `bold'
(Font)                  TU/Cantarell(0)/m/n --> TU/Cantarell(0)/b/n on input line 2516.
LaTeX Font Info:    Overwriting math alphabet `\Mathbf' in version `normal'
(Font)                  TU/Cantarell(0)/b/n --> TU/Cantarell(0)/b/n on input line 2516.
LaTeX Font Info:    Overwriting math alphabet `\Mathbf' in version `bold'
(Font)                  TU/Cantarell(0)/b/n --> TU/Cantarell(0)/b/n on input line 2516.
LaTeX Font Info:    Overwriting math alphabet `\Mathit' in version `normal'
(Font)                  TU/Cantarell(0)/m/it --> TU/Cantarell(0)/m/it on input line 2516.
LaTeX Font Info:    Overwriting math alphabet `\Mathit' in version `bold'
(Font)                  TU/Cantarell(0)/m/it --> TU/Cantarell(0)/b/it on input line 2516.
LaTeX Font Info:    Overwriting math alphabet `\Mathsf' in version `normal'
(Font)                  TU/lmss/m/n --> TU/lmss/m/n on input line 2516.
LaTeX Font Info:    Overwriting math alphabet `\Mathsf' in version `bold'
(Font)                  TU/lmss/m/n --> TU/lmss/b/n on input line 2516.
LaTeX Font Info:    Overwriting math alphabet `\Mathtt' in version `normal'
(Font)                  TU/lmtt/m/n --> TU/lmtt/m/n on input line 2516.
LaTeX Font Info:    Overwriting math alphabet `\Mathtt' in version `bold'
(Font)                  TU/lmtt/m/n --> TU/lmtt/b/n on input line 2516.
(   mathastext:   ) Latin letters in the `normal', resp. `bold',
(   mathastext:   ) math versions are now set up to use the fonts
(   mathastext:   ) TU/Cantarell(0)/m/n, resp. TU/Cantarell(0)/b/n.
(   mathastext:   ) Other characters (digits, ...) and \log-like names will be
(   mathastext:   ) typeset with the n shape.
(   mathastext:   ) \hbar
(   mathastext:   ) \Huge and \HUGE have been (re)-defined.
(   mathastext:   ) mathastext has declared larger sizes for subscripts.
(   mathastext:   ) To keep LaTeX defaults, use option `defaultmathsizes'.

Package mathastext Info: Loading is complete.  You can now use \Mathastext to
(mathastext)             modify the normal and bold math versions.  Use it
(mathastext)             with optional argument or use \MTDeclareVersion to
(mathastext)             declare additional math versions.
) (/usr/share/texmf-dist/tex/latex/adjustbox/trimclip.sty
Package: trimclip 2020/08/19 v1.2 Trim and clip general TeX material
 (/usr/share/texmf-dist/tex/latex/graphics/graphicx.sty
Package: graphicx 2021/09/16 v1.2d Enhanced LaTeX Graphics (DPC,SPQR)
 (/usr/share/texmf-dist/tex/latex/graphics/graphics.sty
Package: graphics 2022/03/10 v1.4e Standard LaTeX Graphics (DPC,SPQR)
 (/usr/share/texmf-dist/tex/latex/graphics/trig.sty
Package: trig 2021/08/11 v1.11 sin cos tan (DPC)
) (/usr/share/texmf-dist/tex/latex/graphics-cfg/graphics.cfg
File: graphics.cfg 2016/06/04 v1.11 sample graphics configuration
)
Package graphics Info: Driver file: luatex.def on input line 107.
 (/usr/share/texmf-dist/tex/latex/graphics-def/luatex.def
File: luatex.def 2022/09/22 v1.2d Graphics/color driver for luatex
))
\Gin@req@height=\dimen160
\Gin@req@width=\dimen161
) (/usr/share/texmf-dist/tex/latex/collectbox/collectbox.sty
Package: collectbox 2022/10/17 v0.4c Collect macro arguments as boxes
\collectedbox=\box56
) (/usr/share/texmf-dist/tex/latex/adjustbox/adjcalc.sty
Package: adjcalc 2012/05/16 v1.1 Provides advanced setlength with multiple back-ends (calc, etex, pgfmath)
)
\tc@llx=\dimen162
\tc@lly=\dimen163
\tc@urx=\dimen164
\tc@ury=\dimen165
 (/usr/share/texmf-dist/tex/latex/adjustbox/tc-pgf.def
File: tc-pgf.def 2019/01/04 v2.2 trimclip fall-back clipping driver using PGF
 (/usr/share/texmf-dist/tex/latex/pgf/basiclayer/pgf.sty (/usr/share/texmf-dist/tex/latex/pgf/utilities/pgfrcs.sty (/usr/share/texmf-dist/tex/generic/pgf/utilities/pgfutil-common.tex
\pgfutil@everybye=\toks34
\pgfutil@tempdima=\dimen166
\pgfutil@tempdimb=\dimen167
) (/usr/share/texmf-dist/tex/generic/pgf/utilities/pgfutil-latex.def
\pgfutil@abb=\box57
) (/usr/share/texmf-dist/tex/generic/pgf/utilities/pgfrcs.code.tex (/usr/share/texmf-dist/tex/generic/pgf/pgf.revision.tex)
Package: pgfrcs 2023-01-15 v3.1.10 (3.1.10)
))
Package: pgf 2023-01-15 v3.1.10 (3.1.10)
 (/usr/share/texmf-dist/tex/latex/pgf/basiclayer/pgfcore.sty (/usr/share/texmf-dist/tex/latex/pgf/systemlayer/pgfsys.sty (/usr/share/texmf-dist/tex/generic/pgf/systemlayer/pgfsys.code.tex
Package: pgfsys 2023-01-15 v3.1.10 (3.1.10)
 (/usr/share/texmf-dist/tex/generic/pgf/utilities/pgfkeys.code.tex
\pgfkeys@pathtoks=\toks35
\pgfkeys@temptoks=\toks36
 (/usr/share/texmf-dist/tex/generic/pgf/utilities/pgfkeyslibraryfiltered.code.tex
\pgfkeys@tmptoks=\toks37
))
\pgf@x=\dimen168
\pgf@y=\dimen169
\pgf@xa=\dimen170
\pgf@ya=\dimen171
\pgf@xb=\dimen172
\pgf@yb=\dimen173
\pgf@xc=\dimen174
\pgf@yc=\dimen175
\pgf@xd=\dimen176
\pgf@yd=\dimen177
\w@pgf@writea=\write3
\r@pgf@reada=\read2
\c@pgf@counta=\count291
\c@pgf@countb=\count292
\c@pgf@countc=\count293
\c@pgf@countd=\count294
\t@pgf@toka=\toks38
\t@pgf@tokb=\toks39
\t@pgf@tokc=\toks40
\pgf@sys@id@count=\count295
 (/usr/share/texmf-dist/tex/generic/pgf/systemlayer/pgf.cfg
File: pgf.cfg 2023-01-15 v3.1.10 (3.1.10)
)
Driver file for pgf: pgfsys-luatex.def
 (/usr/share/texmf-dist/tex/generic/pgf/systemlayer/pgfsys-luatex.def
File: pgfsys-luatex.def 2023-01-15 v3.1.10 (3.1.10)
 (/usr/share/texmf-dist/tex/generic/pgf/systemlayer/pgfsys-common-pdf.def
File: pgfsys-common-pdf.def 2023-01-15 v3.1.10 (3.1.10)
))) (/usr/share/texmf-dist/tex/generic/pgf/systemlayer/pgfsyssoftpath.code.tex
File: pgfsyssoftpath.code.tex 2023-01-15 v3.1.10 (3.1.10)
\pgfsyssoftpath@smallbuffer@items=\count296
\pgfsyssoftpath@bigbuffer@items=\count297
) (/usr/share/texmf-dist/tex/generic/pgf/systemlayer/pgfsysprotocol.code.tex
File: pgfsysprotocol.code.tex 2023-01-15 v3.1.10 (3.1.10)
)) (/usr/share/texmf-dist/tex/latex/xcolor/xcolor.sty
Package: xcolor 2023/11/15 v3.01 LaTeX color extensions (UK)

(/usr/share/texmf-dist/tex/latex/graphics-cfg/color.cfg
File: color.cfg 2016/01/02 v1.6 sample color configuration
)
Package xcolor Info: Driver file: luatex.def on input line 274.
 (/usr/share/texmf-dist/tex/latex/graphics/mathcolor.ltx)
Package xcolor Info: Model `cmy' substituted by `cmy0' on input line 1350.
Package xcolor Info: Model `hsb' substituted by `rgb' on input line 1354.
Package xcolor Info: Model `RGB' extended on input line 1366.
Package xcolor Info: Model `HTML' substituted by `rgb' on input line 1368.
Package xcolor Info: Model `Hsb' substituted by `hsb' on input line 1369.
Package xcolor Info: Model `tHsb' substituted by `hsb' on input line 1370.
Package xcolor Info: Model `HSB' substituted by `hsb' on input line 1371.
Package xcolor Info: Model `Gray' substituted by `gray' on input line 1372.
Package xcolor Info: Model `wave' substituted by `hsb' on input line 1373.
) (/usr/share/texmf-dist/tex/generic/pgf/basiclayer/pgfcore.code.tex
Package: pgfcore 2023-01-15 v3.1.10 (3.1.10)
 (/usr/share/texmf-dist/tex/generic/pgf/math/pgfmath.code.tex (/usr/share/texmf-dist/tex/generic/pgf/math/pgfmathutil.code.tex) (/usr/share/texmf-dist/tex/generic/pgf/math/pgfmathparser.code.tex
\pgfmath@dimen=\dimen178
\pgfmath@count=\count298
\pgfmath@box=\box58
\pgfmath@toks=\toks41
\pgfmath@stack@operand=\toks42
\pgfmath@stack@operation=\toks43
) (/usr/share/texmf-dist/tex/generic/pgf/math/pgfmathfunctions.code.tex) (/usr/share/texmf-dist/tex/generic/pgf/math/pgfmathfunctions.basic.code.tex) (/usr/share/texmf-dist/tex/generic/pgf/math/pgfmathfunctions.trigonometric.code.tex) (/usr/share/texmf-dist/tex/generic/pgf/math/pgfmathfunctions.random.code.tex) (/usr/share/texmf-dist/tex/generic/pgf/math/pgfmathfunctions.comparison.code.tex) (/usr/share/texmf-dist/tex/generic/pgf/math/pgfmathfunctions.base.code.tex) (/usr/share/texmf-dist/tex/generic/pgf/math/pgfmathfunctions.round.code.tex) (/usr/share/texmf-dist/tex/generic/pgf/math/pgfmathfunctions.misc.code.tex) (/usr/share/texmf-dist/tex/generic/pgf/math/pgfmathfunctions.integerarithmetics.code.tex) (/usr/share/texmf-dist/tex/generic/pgf/math/pgfmathcalc.code.tex) (/usr/share/texmf-dist/tex/generic/pgf/math/pgfmathfloat.code.tex
\c@pgfmathroundto@lastzeros=\count299
)) (/usr/share/texmf-dist/tex/generic/pgf/math/pgfint.code.tex) (/usr/share/texmf-dist/tex/generic/pgf/basiclayer/pgfcorepoints.code.tex
File: pgfcorepoints.code.tex 2023-01-15 v3.1.10 (3.1.10)
\pgf@picminx=\dimen179
\pgf@picmaxx=\dimen180
\pgf@picminy=\dimen181
\pgf@picmaxy=\dimen182
\pgf@pathminx=\dimen183
\pgf@pathmaxx=\dimen184
\pgf@pathminy=\dimen185
\pgf@pathmaxy=\dimen186
\pgf@xx=\dimen187
\pgf@xy=\dimen188
\pgf@yx=\dimen189
\pgf@yy=\dimen190
\pgf@zx=\dimen191
\pgf@zy=\dimen192
) (/usr/share/texmf-dist/tex/generic/pgf/basiclayer/pgfcorepathconstruct.code.tex
File: pgfcorepathconstruct.code.tex 2023-01-15 v3.1.10 (3.1.10)
\pgf@path@lastx=\dimen193
\pgf@path@lasty=\dimen194
) (/usr/share/texmf-dist/tex/generic/pgf/basiclayer/pgfcorepathusage.code.tex
File: pgfcorepathusage.code.tex 2023-01-15 v3.1.10 (3.1.10)
\pgf@shorten@end@additional=\dimen195
\pgf@shorten@start@additional=\dimen196
) (/usr/share/texmf-dist/tex/generic/pgf/basiclayer/pgfcorescopes.code.tex
File: pgfcorescopes.code.tex 2023-01-15 v3.1.10 (3.1.10)
\pgfpic=\box59
\pgf@hbox=\box60
\pgf@layerbox@main=\box61
\pgf@picture@serial@count=\count300
) (/usr/share/texmf-dist/tex/generic/pgf/basiclayer/pgfcoregraphicstate.code.tex
File: pgfcoregraphicstate.code.tex 2023-01-15 v3.1.10 (3.1.10)
\pgflinewidth=\dimen197
) (/usr/share/texmf-dist/tex/generic/pgf/basiclayer/pgfcoretransformations.code.tex
File: pgfcoretransformations.code.tex 2023-01-15 v3.1.10 (3.1.10)
\pgf@pt@x=\dimen198
\pgf@pt@y=\dimen199
\pgf@pt@temp=\dimen256
) (/usr/share/texmf-dist/tex/generic/pgf/basiclayer/pgfcorequick.code.tex
File: pgfcorequick.code.tex 2023-01-15 v3.1.10 (3.1.10)
) (/usr/share/texmf-dist/tex/generic/pgf/basiclayer/pgfcoreobjects.code.tex
File: pgfcoreobjects.code.tex 2023-01-15 v3.1.10 (3.1.10)
) (/usr/share/texmf-dist/tex/generic/pgf/basiclayer/pgfcorepathprocessing.code.tex
File: pgfcorepathprocessing.code.tex 2023-01-15 v3.1.10 (3.1.10)
)
(/usr/share/texmf-dist/tex/generic/pgf/basiclayer/pgfcorearrows.code.tex
File: pgfcorearrows.code.tex 2023-01-15 v3.1.10 (3.1.10)
\pgfarrowsep=\dimen257
) (/usr/share/texmf-dist/tex/generic/pgf/basiclayer/pgfcoreshade.code.tex
File: pgfcoreshade.code.tex 2023-01-15 v3.1.10 (3.1.10)
\pgf@max=\dimen258
\pgf@sys@shading@range@num=\count301
\pgf@shadingcount=\count302
) (/usr/share/texmf-dist/tex/generic/pgf/basiclayer/pgfcoreimage.code.tex
File: pgfcoreimage.code.tex 2023-01-15 v3.1.10 (3.1.10)
) (/usr/share/texmf-dist/tex/generic/pgf/basiclayer/pgfcoreexternal.code.tex
File: pgfcoreexternal.code.tex 2023-01-15 v3.1.10 (3.1.10)
\pgfexternal@startupbox=\box62
) (/usr/share/texmf-dist/tex/generic/pgf/basiclayer/pgfcorelayers.code.tex
File: pgfcorelayers.code.tex 2023-01-15 v3.1.10 (3.1.10)
) (/usr/share/texmf-dist/tex/generic/pgf/basiclayer/pgfcoretransparency.code.tex
File: pgfcoretransparency.code.tex 2023-01-15 v3.1.10 (3.1.10)
) (/usr/share/texmf-dist/tex/generic/pgf/basiclayer/pgfcorepatterns.code.tex
File: pgfcorepatterns.code.tex 2023-01-15 v3.1.10 (3.1.10)
) (/usr/share/texmf-dist/tex/generic/pgf/basiclayer/pgfcorerdf.code.tex
File: pgfcorerdf.code.tex 2023-01-15 v3.1.10 (3.1.10)
))) (/usr/share/texmf-dist/tex/generic/pgf/modules/pgfmoduleshapes.code.tex
File: pgfmoduleshapes.code.tex 2023-01-15 v3.1.10 (3.1.10)
\pgfnodeparttextbox=\box63
) (/usr/share/texmf-dist/tex/generic/pgf/modules/pgfmoduleplot.code.tex
File: pgfmoduleplot.code.tex 2023-01-15 v3.1.10 (3.1.10)
) (/usr/share/texmf-dist/tex/latex/pgf/compatibility/pgfcomp-version-0-65.sty
Package: pgfcomp-version-0-65 2023-01-15 v3.1.10 (3.1.10)
\pgf@nodesepstart=\dimen259
\pgf@nodesepend=\dimen260
) (/usr/share/texmf-dist/tex/latex/pgf/compatibility/pgfcomp-version-1-18.sty
Package: pgfcomp-version-1-18 2023-01-15 v3.1.10 (3.1.10)
)))
Package trimclip Info: No clipping driver 'tc-luatex.def' available.
(trimclip)             Using fall-back PGF driver.
)
LaTeX Info: Redefining \Longrightarrow on input line 53.
LaTeX Info: Redefining \Longleftarrow on input line 54.
 (/usr/share/texmf-dist/tex/latex/fancyhdr/fancyhdr.sty
Package: fancyhdr 2022/11/09 v4.1 Extensive control of page headers and footers
\f@nch@headwidth=\skip53
\f@nch@O@elh=\skip54
\f@nch@O@erh=\skip55
\f@nch@O@olh=\skip56
\f@nch@O@orh=\skip57
\f@nch@O@elf=\skip58
\f@nch@O@erf=\skip59
\f@nch@O@olf=\skip60
\f@nch@O@orf=\skip61
) (/usr/share/texmf-dist/tex/latex/dashrule/dashrule.sty
Package: dashrule 2013/03/28 v1.3 Dashed rules
 (/usr/share/texmf-dist/tex/latex/ifmtarg/ifmtarg.sty
Package: ifmtarg 2018/04/16 v1.2b check for an empty argument
)
\c@hdr@segments=\count303
) (/usr/share/texmf-dist/tex/latex/pgf/frontendlayer/tikz.sty (/usr/share/texmf-dist/tex/latex/pgf/utilities/pgffor.sty (/usr/share/texmf-dist/tex/latex/pgf/utilities/pgfkeys.sty (/usr/share/texmf-dist/tex/generic/pgf/utilities/pgfkeys.code.tex)) (/usr/share/texmf-dist/tex/latex/pgf/math/pgfmath.sty (/usr/share/texmf-dist/tex/generic/pgf/math/pgfmath.code.tex)) (/usr/share/texmf-dist/tex/generic/pgf/utilities/pgffor.code.tex
Package: pgffor 2023-01-15 v3.1.10 (3.1.10)
\pgffor@iter=\dimen261
\pgffor@skip=\dimen262
\pgffor@stack=\toks44
\pgffor@toks=\toks45
)) (/usr/share/texmf-dist/tex/generic/pgf/frontendlayer/tikz/tikz.code.tex
Package: tikz 2023-01-15 v3.1.10 (3.1.10)
 (/usr/share/texmf-dist/tex/generic/pgf/libraries/pgflibraryplothandlers.code.tex
File: pgflibraryplothandlers.code.tex 2023-01-15 v3.1.10 (3.1.10)
\pgf@plot@mark@count=\count304
\pgfplotmarksize=\dimen263
)
\tikz@lastx=\dimen264
\tikz@lasty=\dimen265
\tikz@lastxsaved=\dimen266
\tikz@lastysaved=\dimen267
\tikz@lastmovetox=\dimen268
\tikz@lastmovetoy=\dimen269
\tikzleveldistance=\dimen270
\tikzsiblingdistance=\dimen271
\tikz@figbox=\box64
\tikz@figbox@bg=\box65
\tikz@tempbox=\box66
\tikz@tempbox@bg=\box67
\tikztreelevel=\count305
\tikznumberofchildren=\count306
\tikznumberofcurrentchild=\count307
\tikz@fig@count=\count308
 (/usr/share/texmf-dist/tex/generic/pgf/modules/pgfmodulematrix.code.tex
File: pgfmodulematrix.code.tex 2023-01-15 v3.1.10 (3.1.10)
\pgfmatrixcurrentrow=\count309
\pgfmatrixcurrentcolumn=\count310
\pgf@matrix@numberofcolumns=\count311
)
\tikz@expandcount=\count312
 (/usr/share/texmf-dist/tex/generic/pgf/frontendlayer/tikz/libraries/tikzlibrarytopaths.code.tex
File: tikzlibrarytopaths.code.tex 2023-01-15 v3.1.10 (3.1.10)
))) (/usr/share/texmf-dist/tex/latex/tikz-cd/tikz-cd.sty
Package: tikz-cd 2021/05/04 v1.0 Commutative diagrams with TikZ
 (/usr/share/texmf-dist/tex/generic/tikz-cd/tikzlibrarycd.code.tex
(/usr/share/texmf-dist/tex/generic/pgf/frontendlayer/tikz/libraries/tikzlibrarymatrix.code.tex
File: tikzlibrarymatrix.code.tex 2023-01-15 v3.1.10 (3.1.10)
) (/usr/share/texmf-dist/tex/generic/pgf/frontendlayer/tikz/libraries/tikzlibraryquotes.code.tex
File: tikzlibraryquotes.code.tex 2023-01-15 v3.1.10 (3.1.10)
) (/usr/share/texmf-dist/tex/generic/pgf/libraries/pgflibraryarrows.meta.code.tex
File: pgflibraryarrows.meta.code.tex 2023-01-15 v3.1.10 (3.1.10)
\pgfarrowinset=\dimen272
\pgfarrowlength=\dimen273
\pgfarrowwidth=\dimen274
\pgfarrowlinewidth=\dimen275
))) (/usr/share/texmf-dist/tex/generic/pgf/frontendlayer/tikz/libraries/tikzlibrarydecorations.pathreplacing.code.tex (/usr/share/texmf-dist/tex/generic/pgf/frontendlayer/tikz/libraries/tikzlibrarydecorations.code.tex (/usr/share/texmf-dist/tex/generic/pgf/modules/pgfmoduledecorations.code.tex
\pgfdecoratedcompleteddistance=\dimen276
\pgfdecoratedremainingdistance=\dimen277
\pgfdecoratedinputsegmentcompleteddistance=\dimen278
\pgfdecoratedinputsegmentremainingdistance=\dimen279
\pgf@decorate@distancetomove=\dimen280
\pgf@decorate@repeatstate=\count313
\pgfdecorationsegmentamplitude=\dimen281
\pgfdecorationsegmentlength=\dimen282
)
\tikz@lib@dec@box=\box68
) (/usr/share/texmf-dist/tex/generic/pgf/libraries/decorations/pgflibrarydecorations.pathreplacing.code.tex)) (/usr/share/texmf-dist/tex/generic/pgf/frontendlayer/tikz/libraries/tikzlibrarycalc.code.tex
File: tikzlibrarycalc.code.tex 2023-01-15 v3.1.10 (3.1.10)
) (/usr/share/texmf-dist/tex/generic/pgf/frontendlayer/tikz/libraries/tikzlibrarymath.code.tex (/usr/share/texmf-dist/tex/generic/pgf/frontendlayer/tikz/libraries/tikzlibraryfpu.code.tex (/usr/share/texmf-dist/tex/generic/pgf/libraries/pgflibraryfpu.code.tex))
\tikz@math@for@depth=\count314
\tikz@math@dimen=\dimen283
\tikz@math@toks=\toks46
) (/usr/share/texmf-dist/tex/generic/pgf/frontendlayer/tikz/libraries/tikzlibrarybackgrounds.code.tex
File: tikzlibrarybackgrounds.code.tex 2023-01-15 v3.1.10 (3.1.10)
\pgf@layerbox@background=\box69
\pgf@layerboxsaved@background=\box70
) (/usr/share/texmf-dist/tex/generic/pgf/frontendlayer/tikz/libraries/tikzlibrarypositioning.code.tex
File: tikzlibrarypositioning.code.tex 2023-01-15 v3.1.10 (3.1.10)
) (/usr/share/texmf-dist/tex/generic/pgf/frontendlayer/tikz/libraries/tikzlibrarydecorations.text.code.tex (/usr/share/texmf-dist/tex/generic/pgf/libraries/decorations/pgflibrarydecorations.text.code.tex
\pgf@lib@dec@text@box=\box71
)
\tikz@lib@dec@te@box=\box72
) (/usr/share/texmf-dist/tex/generic/pgf/frontendlayer/tikz/libraries/tikzlibrarydecorations.pathmorphing.code.tex (/usr/share/texmf-dist/tex/generic/pgf/libraries/decorations/pgflibrarydecorations.pathmorphing.code.tex)) (/usr/share/texmf-dist/tex/latex/pgfplots/pgfplots.sty (/usr/share/texmf-dist/tex/generic/pgfplots/pgfplots.revision.tex)
Package: pgfplots 2021/05/15 v1.18.1 Data Visualization (1.18.1)
 (/usr/share/texmf-dist/tex/generic/pgfplots/pgfplots.code.tex (/usr/share/texmf-dist/tex/generic/pgfplots/pgfplotscore.code.tex
Package pgfplots info on input line 124: Initializing with LUA version Lua 5.3
\pgfplots@luabackend@table=\catcodetable14
\t@pgfplots@toka=\toks47
\t@pgfplots@tokb=\toks48
\t@pgfplots@tokc=\toks49
\pgfplots@tmpa=\dimen284
\c@pgfplots@coordindex=\count315
\c@pgfplots@scanlineindex=\count316
 (/usr/share/texmf-dist/tex/generic/pgfplots/sys/pgfplotssysgeneric.code.tex))
(/usr/share/texmf-dist/tex/generic/pgfplots/libs/pgfplotslibrary.code.tex) (/usr/share/texmf-dist/tex/generic/pgfplots/oldpgfcompatib/pgfplotsoldpgfsupp_loader.code.tex
Package pgfplots: loading complementary utilities for your pgf version...
\t@pgf@toka=\toks50
\t@pgf@tokb=\toks51
\t@pgf@tokc=\toks52
(/usr/share/texmf-dist/tex/generic/pgfplots/oldpgfcompatib/pgfplotsoldpgfsupp_pgfutil-common-lists.tex) (/usr/share/texmf-dist/tex/generic/pgf/libraries/luamath/pgflibraryluamath.code.tex)
Package pgfplots info on input line 290: luamath library shipped with pgf 3.1.10 is up-to-date
) (/usr/share/texmf-dist/tex/generic/pgfplots/util/pgfplotsutil.code.tex
Package pgfplots info on input line 82: Found new luatex: initializing lua commands instead of write18 (shell-escape)
 (/usr/share/texmf-dist/tex/generic/pgfplots/liststructure/pgfplotsliststructure.code.tex) (/usr/share/texmf-dist/tex/generic/pgfplots/liststructure/pgfplotsliststructureext.code.tex) (/usr/share/texmf-dist/tex/generic/pgfplots/liststructure/pgfplotsarray.code.tex
\c@pgfplotsarray@tmp=\count317
) (/usr/share/texmf-dist/tex/generic/pgfplots/liststructure/pgfplotsmatrix.code.tex) (/usr/share/texmf-dist/tex/generic/pgfplots/numtable/pgfplotstableshared.code.tex
\c@pgfplotstable@counta=\count318
\t@pgfplotstable@a=\toks53
) (/usr/share/texmf-dist/tex/generic/pgfplots/liststructure/pgfplotsdeque.code.tex) (/usr/share/texmf-dist/tex/generic/pgfplots/util/pgfplotsbinary.code.tex (/usr/share/texmf-dist/tex/generic/pgfplots/util/pgfplotsbinary.data.code.tex)) (/usr/share/texmf-dist/tex/generic/pgfplots/util/pgfplotsutil.verb.code.tex) (/usr/share/texmf-dist/tex/generic/pgfplots/libs/pgflibrarypgfplots.surfshading.code.tex
\c@pgfplotslibrarysurf@no=\count319
 (/usr/share/texmf-dist/tex/generic/pgfplots/sys/pgflibrarypgfplots.surfshading.pgfsys-luatex.def))) (/usr/share/texmf-dist/tex/generic/pgfplots/util/pgfplotscolormap.code.tex (/usr/share/texmf-dist/tex/generic/pgfplots/util/pgfplotscolor.code.tex)) (/usr/share/texmf-dist/tex/generic/pgfplots/pgfplotsstackedplots.code.tex) (/usr/share/texmf-dist/tex/generic/pgfplots/pgfplotsplothandlers.code.tex (/usr/share/texmf-dist/tex/generic/pgfplots/pgfplotsmeshplothandler.code.tex (/usr/share/texmf-dist/tex/generic/pgfplots/pgfplotsmeshplotimage.code.tex))) (/usr/share/texmf-dist/tex/generic/pgfplots/pgfplots.scaling.code.tex) (/usr/share/texmf-dist/tex/generic/pgfplots/pgfplotscoordprocessing.code.tex) (/usr/share/texmf-dist/tex/generic/pgfplots/pgfplots.errorbars.code.tex) (/usr/share/texmf-dist/tex/generic/pgfplots/pgfplots.markers.code.tex)
(/usr/share/texmf-dist/tex/generic/pgfplots/pgfplotsticks.code.tex) (/usr/share/texmf-dist/tex/generic/pgfplots/pgfplots.paths.code.tex) (/usr/share/texmf-dist/tex/generic/pgfplots/libs/tikzlibrarypgfplots.contourlua.code.tex)
\pgfplots@numplots=\count320
\pgfplots@xmin@reg=\dimen285
\pgfplots@xmax@reg=\dimen286
\pgfplots@ymin@reg=\dimen287
\pgfplots@ymax@reg=\dimen288
\pgfplots@zmin@reg=\dimen289
\pgfplots@zmax@reg=\dimen290
) (/usr/share/texmf-dist/tex/generic/pgf/frontendlayer/tikz/libraries/tikzlibraryplotmarks.code.tex
File: tikzlibraryplotmarks.code.tex 2023-01-15 v3.1.10 (3.1.10)
 (/usr/share/texmf-dist/tex/generic/pgf/libraries/pgflibraryplotmarks.code.tex
File: pgflibraryplotmarks.code.tex 2023-01-15 v3.1.10 (3.1.10)
))) (/usr/share/texmf-dist/tex/latex/titlesec/titlesec.sty
Package: titlesec 2023/10/27 v2.16 Sectioning titles
\ttl@box=\box73
\beforetitleunit=\skip62
\aftertitleunit=\skip63
\ttl@plus=\dimen291
\ttl@minus=\dimen292
\ttl@toksa=\toks54
\titlewidth=\dimen293
\titlewidthlast=\dimen294
\titlewidthfirst=\dimen295
) (/usr/share/texmf-dist/tex/latex/amscls/amsthm.sty
Package: amsthm 2020/05/29 v2.20.6
\thm@style=\toks55
\thm@bodyfont=\toks56
\thm@headfont=\toks57
\thm@notefont=\toks58
\thm@headpunct=\toks59
\thm@preskip=\skip64
\thm@postskip=\skip65
\thm@headsep=\skip66
\dth@everypar=\toks60
) (/usr/share/texmf-dist/tex/latex/thmtools/thmtools.sty
Package: thmtools 2023/05/04 v0.76
\thmt@toks=\toks61
\c@thmt@dummyctr=\count321
 (/usr/share/texmf-dist/tex/latex/thmtools/thm-patch.sty
Package: thm-patch 2023/05/04 v0.76
 (/usr/share/texmf-dist/tex/latex/thmtools/parseargs.sty
Package: parseargs 2023/05/04 v0.76
\@parsespec=\toks62
)) (/usr/share/texmf-dist/tex/latex/thmtools/thm-kv.sty
Package: thm-kv 2023/05/04 v0.76
Package thm-kv Info: Theorem names will be uppercased on input line 42.
Package thm-kv Info: kvsetkeys patch (v1.16 or later) on input line 158.
) (/usr/share/texmf-dist/tex/latex/thmtools/thm-autoref.sty
Package: thm-autoref 2023/05/04 v0.76
 (/usr/share/texmf-dist/tex/latex/thmtools/aliasctr.sty
Package: aliasctr 2023/05/04 v0.76
)) (/usr/share/texmf-dist/tex/latex/thmtools/thm-listof.sty
Package: thm-listof 2023/05/04 v0.76
) (/usr/share/texmf-dist/tex/latex/thmtools/thm-restate.sty
Package: thm-restate 2023/05/04 v0.76
) (/usr/share/texmf-dist/tex/latex/thmtools/thm-amsthm.sty
Package: thm-amsthm 2023/05/04 v0.76
\thmt@style@headstyle=\toks63
)) (/usr/share/texmf-dist/tex/latex/tcolorbox/tcolorbox.sty
Package: tcolorbox 2024/01/10 version 6.2.0 text color boxes
 (/usr/share/texmf-dist/tex/latex/tools/verbatim.sty
Package: verbatim 2023-11-06 v1.5v LaTeX2e package for verbatim enhancements
\every@verbatim=\toks64
\verbatim@line=\toks65
\verbatim@in@stream=\read3
) (/usr/share/texmf-dist/tex/latex/environ/environ.sty
Package: environ 2014/05/04 v0.3 A new way to define environments
 (/usr/share/texmf-dist/tex/latex/trimspaces/trimspaces.sty
Package: trimspaces 2009/09/17 v1.1 Trim spaces around a token list
))
\tcb@titlebox=\box74
\tcb@upperbox=\box75
\tcb@lowerbox=\box76
\tcb@phantombox=\box77
\c@tcbbreakpart=\count322
\c@tcblayer=\count323
\c@tcolorbox@number=\count324
\l__tcobox_tmpa_box=\box78
\l__tcobox_tmpa_dim=\dimen296
\tcb@temp=\box79
\tcb@temp=\box80
\tcb@temp=\box81
\tcb@temp=\box82
) (/usr/share/texmf-dist/tex/latex/enumitem/enumitem.sty
Package: enumitem 2019/06/20 v3.9 Customized lists
\enitkv@toks@=\toks66
\labelindent=\skip67
\enit@outerparindent=\dimen297
\enit@toks=\toks67
\enit@inbox=\box83
\enit@count@id=\count325
\enitdp@description=\count326
) (/usr/share/texmf-dist/tex/latex/tocloft/tocloft.sty
Package: tocloft 2017/08/31 v2.3i parameterised ToC, etc., typesetting
Package tocloft Info: The document has chapter divisions on input line 51.
\cftparskip=\skip68
\cftbeforetoctitleskip=\skip69
\cftaftertoctitleskip=\skip70
\cftbeforepartskip=\skip71
\cftpartnumwidth=\skip72
\cftpartindent=\skip73
\cftbeforechapskip=\skip74
\cftchapindent=\skip75
\cftchapnumwidth=\skip76
\cftbeforesecskip=\skip77
\cftsecindent=\skip78
\cftsecnumwidth=\skip79
\cftbeforesubsecskip=\skip80
\cftsubsecindent=\skip81
\cftsubsecnumwidth=\skip82
\cftbeforesubsubsecskip=\skip83
\cftsubsubsecindent=\skip84
\cftsubsubsecnumwidth=\skip85
\cftbeforeparaskip=\skip86
\cftparaindent=\skip87
\cftparanumwidth=\skip88
\cftbeforesubparaskip=\skip89
\cftsubparaindent=\skip90
\cftsubparanumwidth=\skip91
\cftbeforeloftitleskip=\skip92
\cftafterloftitleskip=\skip93
\cftbeforefigskip=\skip94
\cftfigindent=\skip95
\cftfignumwidth=\skip96
\c@lofdepth=\count327
\c@lotdepth=\count328
\cftbeforelottitleskip=\skip97
\cftafterlottitleskip=\skip98
\cftbeforetabskip=\skip99
\cfttabindent=\skip100
\cfttabnumwidth=\skip101


Package tocloft Warning: \@starttoc has already been redefined; tocloft bailing out. on input line 1156.

) (/usr/share/texmf-dist/tex/latex/hyperref/hyperref.sty
Package: hyperref 2024-01-20 v7.01h Hypertext links for LaTeX
 (/usr/share/texmf-dist/tex/generic/kvdefinekeys/kvdefinekeys.sty
Package: kvdefinekeys 2019-12-19 v1.6 Define keys (HO)
) (/usr/share/texmf-dist/tex/generic/pdfescape/pdfescape.sty
Package: pdfescape 2019/12/09 v1.15 Implements pdfTeX's escape features (HO)
 (/usr/share/texmf-dist/tex/generic/pdftexcmds/pdftexcmds.sty
Package: pdftexcmds 2020-06-27 v0.33 Utility functions of pdfTeX for LuaTeX (HO)
 (/usr/share/texmf-dist/tex/generic/infwarerr/infwarerr.sty
Package: infwarerr 2019/12/03 v1.5 Providing info/warning/error messages (HO)
)
Package pdftexcmds Info: \pdf@primitive is available.
Package pdftexcmds Info: \pdf@ifprimitive is available.
Package pdftexcmds Info: \pdfdraftmode found.
\pdftexcmds@toks=\toks68
)) (/usr/share/texmf-dist/tex/latex/hycolor/hycolor.sty
Package: hycolor 2020-01-27 v1.10 Color options for hyperref/bookmark (HO)
) (/usr/share/texmf-dist/tex/latex/auxhook/auxhook.sty
Package: auxhook 2019-12-17 v1.6 Hooks for auxiliary files (HO)
) (/usr/share/texmf-dist/tex/latex/hyperref/nameref.sty
Package: nameref 2023-11-26 v2.56 Cross-referencing by name of section
 (/usr/share/texmf-dist/tex/latex/refcount/refcount.sty
Package: refcount 2019/12/15 v3.6 Data extraction from label references (HO)
) (/usr/share/texmf-dist/tex/generic/gettitlestring/gettitlestring.sty
Package: gettitlestring 2019/12/15 v1.6 Cleanup title references (HO)
)
\c@section@level=\count329
)
\@linkdim=\dimen298
\Hy@linkcounter=\count330
\Hy@pagecounter=\count331
 (/usr/share/texmf-dist/tex/latex/hyperref/pd1enc.def
File: pd1enc.def 2024-01-20 v7.01h Hyperref: PDFDocEncoding definition (HO)
) (/usr/share/texmf-dist/tex/generic/intcalc/intcalc.sty
Package: intcalc 2019/12/15 v1.3 Expandable calculations with integers (HO)
)
\Hy@SavedSpaceFactor=\count332
 (/usr/share/texmf-dist/tex/latex/hyperref/puenc.def
File: puenc.def 2024-01-20 v7.01h Hyperref: PDF Unicode definition (HO)
)
Package hyperref Info: Hyper figures OFF on input line 4179.
Package hyperref Info: Link nesting OFF on input line 4184.
Package hyperref Info: Hyper index ON on input line 4187.
Package hyperref Info: Plain pages OFF on input line 4194.
Package hyperref Info: Backreferencing OFF on input line 4199.
Package hyperref Info: Implicit mode ON; LaTeX internals redefined.
Package hyperref Info: Bookmarks ON on input line 4446.
\c@Hy@tempcnt=\count333
 (/usr/share/texmf-dist/tex/latex/url/url.sty
\Urlmuskip=\muskip20
Package: url 2013/09/16  ver 3.4  Verb mode for urls, etc.
)
LaTeX Info: Redefining \url on input line 4784.
\XeTeXLinkMargin=\dimen299
 (/usr/share/texmf-dist/tex/generic/bitset/bitset.sty
Package: bitset 2019/12/09 v1.3 Handle bit-vector datatype (HO)
 (/usr/share/texmf-dist/tex/generic/bigintcalc/bigintcalc.sty
Package: bigintcalc 2019/12/15 v1.5 Expandable calculations on big integers (HO)
))
\Fld@menulength=\count334
\Field@Width=\dimen300
\Fld@charsize=\dimen301
Package hyperref Info: Hyper figures OFF on input line 6063.
Package hyperref Info: Link nesting OFF on input line 6068.
Package hyperref Info: Hyper index ON on input line 6071.
Package hyperref Info: backreferencing OFF on input line 6078.
Package hyperref Info: Link coloring OFF on input line 6083.
Package hyperref Info: Link coloring with OCG OFF on input line 6088.
Package hyperref Info: PDF/A mode OFF on input line 6093.
 (/usr/share/texmf-dist/tex/latex/base/atbegshi-ltx.sty
Package: atbegshi-ltx 2021/01/10 v1.0c Emulation of the original atbegshi
package with kernel methods
)
\Hy@abspage=\count335
\c@Item=\count336
\c@Hfootnote=\count337
)
Package hyperref Info: Driver (autodetected): hluatex.
 (/usr/share/texmf-dist/tex/latex/hyperref/hluatex.def
File: hluatex.def 2024-01-20 v7.01h Hyperref driver for luaTeX
 (/usr/share/texmf-dist/tex/generic/stringenc/stringenc.sty
Package: stringenc 2019/11/29 v1.12 Convert strings between diff. encodings (HO)
) (/usr/share/texmf-dist/tex/latex/base/atveryend-ltx.sty
Package: atveryend-ltx 2020/08/19 v1.0a Emulation of the original atveryend package
with kernel methods
)
\Fld@listcount=\count338
\c@bookmark@seq@number=\count339
 (/usr/share/texmf-dist/tex/latex/rerunfilecheck/rerunfilecheck.sty
Package: rerunfilecheck 2022-07-10 v1.10 Rerun checks for auxiliary files (HO)
 (/usr/share/texmf-dist/tex/generic/uniquecounter/uniquecounter.sty
Package: uniquecounter 2019/12/15 v1.4 Provide unlimited unique counter (HO)
)
Package uniquecounter Info: New unique counter `rerunfilecheck' on input line 285.
)
\Hy@SectionHShift=\skip102
) (/usr/share/texmf-dist/tex/latex/cleveref/cleveref.sty
Package: cleveref 2018/03/27 v0.21.4 Intelligent cross-referencing
Package cleveref Info: `hyperref' support loaded on input line 2370.
LaTeX Info: Redefining \cref on input line 2370.
LaTeX Info: Redefining \Cref on input line 2370.
LaTeX Info: Redefining \crefrange on input line 2370.
LaTeX Info: Redefining \Crefrange on input line 2370.
LaTeX Info: Redefining \cpageref on input line 2370.
LaTeX Info: Redefining \Cpageref on input line 2370.
LaTeX Info: Redefining \cpagerefrange on input line 2370.
LaTeX Info: Redefining \Cpagerefrange on input line 2370.
LaTeX Info: Redefining \labelcref on input line 2370.
LaTeX Info: Redefining \labelcpageref on input line 2370.
Package cleveref Info: `amsthm' support loaded on input line 3026.
) (/usr/share/texmf-dist/tex/latex/tcolorbox/tcbtheorems.code.tex
Library (tcolorbox): 'tcbtheorems.code.tex' version '6.2.0'
) (/usr/share/texmf-dist/tex/latex/tcolorbox/tcbbreakable.code.tex
Library (tcolorbox): 'tcbbreakable.code.tex' version '6.2.0'
(/usr/share/texmf-dist/tex/latex/pdfcol/pdfcol.sty
Package: pdfcol 2022-09-21 v1.7 Handle new color stacks for pdfTeX (HO)
)
Package pdfcol Info: New color stack `tcb@breakable' = 1 on input line 23.
\tcb@testbox=\box84
\tcb@totalupperbox=\box85
\tcb@totallowerbox=\box86
) (/usr/share/texmf-dist/tex/latex/tcolorbox/tcbskins.code.tex
Library (tcolorbox): 'tcbskins.code.tex' version '6.2.0'
(/usr/share/texmf-dist/tex/latex/tikzfill/tikzfill.image.sty
Package: tikzfill.image 2023/08/08 v1.0.1 Image filling library for TikZ
 (/usr/share/texmf-dist/tex/latex/tikzfill/tikzfill-common.sty
Package: tikzfill-common 2023/08/08 v1.0.1 Auxiliary code for tikzfill
) (/usr/share/texmf-dist/tex/latex/tikzfill/tikzlibraryfill.image.code.tex
File: tikzlibraryfill.image.code.tex 2023/08/08 v1.0.1 Image filling library
\l__tikzfill_img_box=\box87
)) (/usr/share/texmf-dist/tex/latex/tcolorbox/tcbskinsjigsaw.code.tex
Library (tcolorbox): 'tcbskinsjigsaw.code.tex' version '6.2.0'
))
\c@tcb@cnt@definition=\count340
 (/usr/share/texmf-dist/tex/latex/svg/svg.sty
Package: svg 2020/11/26 v2.02k (include SVG pictures)
 (/usr/share/texmf-dist/tex/latex/koma-script/scrbase.sty
Package: scrbase 2023/07/07 v3.41 KOMA-Script package (KOMA-Script-independent basics and keyval usage)
 (/usr/share/texmf-dist/tex/latex/koma-script/scrlfile.sty
Package: scrlfile 2023/07/07 v3.41 KOMA-Script package (file load hooks)
 (/usr/share/texmf-dist/tex/latex/koma-script/scrlfile-hook.sty
Package: scrlfile-hook 2023/07/07 v3.41 KOMA-Script package (using LaTeX hooks)
 (/usr/share/texmf-dist/tex/latex/koma-script/scrlogo.sty
Package: scrlogo 2023/07/07 v3.41 KOMA-Script package (logo)
)))
Applying: [2021/05/01] Usage of raw or classic option list on input line 252.
Already applied: [0000/00/00] Usage of raw or classic option list on input line 368.
) (/usr/share/texmf-dist/tex/latex/tools/shellesc.sty
Package: shellesc 2023/07/08 v1.0d unified shell escape interface for LaTeX
Package shellesc Info: Restricted shell escape enabled on input line 77.
)
\c@svg@param@lastpage=\count341
\svg@box=\box88
\c@svg@param@currpage=\count342
) (/usr/share/texmf-dist/tex/latex/transparent/transparent.sty
Package: transparent 2022-10-27 v1.5 Transparency with color stacks
 (/usr/share/texmf-dist/tex/latex/transparent/transparent-nometadata.sty
Package: transparent-nometadata 2022-10-27 v1.5 Transparency via pdfTeX's color stack (HO)
)) (/usr/share/texmf-dist/tex/latex/emoji/emoji.sty
Package: emoji 2021/07/17 v0.2.2 Emoji support in (Lua)LaTeX
 (/usr/share/texmf-dist/tex/latex/emoji/emoji-table.def
File: emoji-table.def 2021/07/17 v0.2.2 Emojisupportin(Lua)LaTeX
)) (/usr/share/texmf-dist/tex/generic/soul/soul.sty
Package: soul 2023-06-14 v3.1 Permit use of UTF-8 characters in soul (HO)
 (/usr/share/texmf-dist/tex/generic/soul/soul-ori.sty
Package: soul-ori 2023-06-14 v3.1 letterspacing/underlining (mf)
\SOUL@word=\toks69
\SOUL@lasttoken=\toks70
\SOUL@syllable=\toks71
\SOUL@cmds=\toks72
\SOUL@buffer=\toks73
\SOUL@token=\toks74
\SOUL@syllgoal=\dimen302
\SOUL@syllwidth=\dimen303
\SOUL@charkern=\dimen304
\SOUL@hyphkern=\dimen305
\SOUL@dimen=\dimen306
\SOUL@dimeni=\dimen307
\SOUL@minus=\count343
\SOUL@comma=\count344
\SOUL@apo=\count345
\SOUL@grave=\count346
\SOUL@spaceskip=\skip103
\SOUL@ttwidth=\dimen308
\SOUL@uldp=\dimen309
\SOUL@ulht=\dimen310
) (/usr/share/texmf-dist/tex/generic/etexcmds/etexcmds.sty
Package: etexcmds 2019/12/15 v1.7 Avoid name clashes with e-TeX commands (HO)
)) (/usr/share/texmf-dist/tex/latex/varwidth/varwidth.sty
Package: varwidth 2009/03/30 ver 0.92;  Variable-width minipages
\@vwid@box=\box89
\sift@deathcycles=\count347
\@vwid@loff=\dimen311
\@vwid@roff=\dimen312
)
luaotfload | cache : Lookup cache loaded from /home/marudka/.texlive/texmf-var/luatex-cache/generic/names/luaotfload-lookup-cache.luc.) (/usr/share/texmf-dist/tex/latex/halloweenmath/halloweenmath.sty
Package: halloweenmath 2019/11/01 v0.11 (development)
 (/usr/share/texmf-dist/tex/latex/pict2e/pict2e.sty
Package: pict2e 2020/09/30 v0.4b Improved picture commands (HjG,RN,JT)
 (/usr/share/texmf-dist/tex/latex/pict2e/pict2e.cfg
File: pict2e.cfg 2016/02/05 v0.1u pict2e configuration for teTeX/TeXLive
)
Package pict2e Info: Driver file: luatex.def on input line 112.
Package pict2e Info: Driver file for pict2e: p2e-luatex.def on input line 114.
 (/usr/share/texmf-dist/tex/latex/pict2e/p2e-luatex.def
File: p2e-luatex.def 2016/02/05 v0.1u Driver-dependant file (RN,HjG,JT)
)
\pIIe@GRAPH=\toks75
\@arclen=\dimen313
\@arcrad=\dimen314
\pIIe@tempdima=\dimen315
\pIIe@tempdimb=\dimen316
\pIIe@tempdimc=\dimen317
\pIIe@tempdimd=\dimen318
\pIIe@tempdime=\dimen319
\pIIe@tempdimf=\dimen320
)
\@HwM@arrowfill@skip=\skip104
) (./main.aux (./rozdzialy/01_cayley.aux) (./rozdzialy/02.aux) (./rozdzialy/03.aux) (./rozdzialy/07.aux))
\openout1 = main.aux

LaTeX Font Info:    Checking defaults for OML/cmm/m/it on input line 14.
LaTeX Font Info:    ... okay on input line 14.
LaTeX Font Info:    Checking defaults for OMS/cmsy/m/n on input line 14.
LaTeX Font Info:    ... okay on input line 14.
LaTeX Font Info:    Checking defaults for OT1/cmr/m/n on input line 14.
LaTeX Font Info:    ... okay on input line 14.
LaTeX Font Info:    Checking defaults for T1/cmr/m/n on input line 14.
LaTeX Font Info:    ... okay on input line 14.
LaTeX Font Info:    Checking defaults for TS1/cmr/m/n on input line 14.
LaTeX Font Info:    Trying to load font information for TS1+cmr on input line 14.
 (/usr/share/texmf-dist/tex/latex/base/ts1cmr.fd
File: ts1cmr.fd 2023/04/13 v2.5m Standard LaTeX font definitions
)
LaTeX Font Info:    ... okay on input line 14.
LaTeX Font Info:    Checking defaults for TU/lmr/m/n on input line 14.
LaTeX Font Info:    ... okay on input line 14.
LaTeX Font Info:    Checking defaults for OMX/cmex/m/n on input line 14.
LaTeX Font Info:    ... okay on input line 14.
LaTeX Font Info:    Checking defaults for U/cmr/m/n on input line 14.
LaTeX Font Info:    ... okay on input line 14.
LaTeX Font Info:    Checking defaults for PD1/pdf/m/n on input line 14.
LaTeX Font Info:    ... okay on input line 14.
LaTeX Font Info:    Checking defaults for PU/pdf/m/n on input line 14.
LaTeX Font Info:    ... okay on input line 14.

Package fontspec Info: Adjusting the maths setup (use [no-math] to avoid
(fontspec)             this).

\symlegacymaths=\mathgroup8
LaTeX Font Info:    Overwriting symbol font `legacymaths' in version `bold'
(Font)                  OT1/cmr/m/n --> OT1/cmr/bx/n on input line 14.
LaTeX Font Info:    Redeclaring math accent \acute on input line 14.
LaTeX Font Info:    Redeclaring math accent \grave on input line 14.
LaTeX Font Info:    Redeclaring math accent \ddot on input line 14.
LaTeX Font Info:    Redeclaring math accent \tilde on input line 14.
LaTeX Font Info:    Redeclaring math accent \bar on input line 14.
LaTeX Font Info:    Redeclaring math accent \breve on input line 14.
LaTeX Font Info:    Redeclaring math accent \check on input line 14.
LaTeX Font Info:    Redeclaring math accent \hat on input line 14.
LaTeX Font Info:    Redeclaring math accent \dot on input line 14.
LaTeX Font Info:    Redeclaring math accent \mathring on input line 14.
LaTeX Font Info:    Redeclaring math symbol \Gamma on input line 14.
LaTeX Font Info:    Redeclaring math symbol \Delta on input line 14.
LaTeX Font Info:    Redeclaring math symbol \Theta on input line 14.
LaTeX Font Info:    Redeclaring math symbol \Lambda on input line 14.
LaTeX Font Info:    Redeclaring math symbol \Xi on input line 14.
LaTeX Font Info:    Redeclaring math symbol \Pi on input line 14.
LaTeX Font Info:    Redeclaring math symbol \Sigma on input line 14.
LaTeX Font Info:    Redeclaring math symbol \Upsilon on input line 14.
LaTeX Font Info:    Redeclaring math symbol \Phi on input line 14.
LaTeX Font Info:    Redeclaring math symbol \Psi on input line 14.
LaTeX Font Info:    Redeclaring math symbol \Omega on input line 14.
LaTeX Font Info:    Redeclaring math symbol \mathdollar on input line 14.
LaTeX Font Info:    Redeclaring symbol font `operators' on input line 14.
LaTeX Font Info:    Encoding `OT1' has changed to `TU' for symbol font
(Font)              `operators' in the math version `normal' on input line 14.
LaTeX Font Info:    Overwriting symbol font `operators' in version `normal'
(Font)                  OT1/cmr/m/n --> TU/Cantarell(0)/m/n on input line 14.
LaTeX Font Info:    Encoding `OT1' has changed to `TU' for symbol font
(Font)              `operators' in the math version `bold' on input line 14.
LaTeX Font Info:    Overwriting symbol font `operators' in version `bold'
(Font)                  OT1/cmr/bx/n --> TU/Cantarell(0)/m/n on input line 14.
LaTeX Font Info:    Overwriting symbol font `operators' in version `normal'
(Font)                  TU/Cantarell(0)/m/n --> TU/Cantarell(0)/m/n on input line 14.
LaTeX Font Info:    Overwriting math alphabet `\mathit' in version `normal'
(Font)                  OT1/cmr/m/it --> TU/Cantarell(0)/m/it on input line 14.
LaTeX Font Info:    Overwriting math alphabet `\mathbf' in version `normal'
(Font)                  OT1/cmr/bx/n --> TU/Cantarell(0)/b/n on input line 14.
LaTeX Font Info:    Overwriting math alphabet `\mathsf' in version `normal'
(Font)                  OT1/cmss/m/n --> TU/lmss/m/n on input line 14.
LaTeX Font Info:    Overwriting math alphabet `\mathtt' in version `normal'
(Font)                  OT1/cmtt/m/n --> TU/lmtt/m/n on input line 14.
LaTeX Font Info:    Overwriting symbol font `operators' in version `bold'
(Font)                  TU/Cantarell(0)/m/n --> TU/Cantarell(0)/b/n on input line 14.
LaTeX Font Info:    Overwriting math alphabet `\mathit' in version `bold'
(Font)                  OT1/cmr/bx/it --> TU/Cantarell(0)/b/it on input line 14.
LaTeX Font Info:    Overwriting math alphabet `\mathsf' in version `bold'
(Font)                  OT1/cmss/bx/n --> TU/lmss/b/n on input line 14.
LaTeX Font Info:    Overwriting math alphabet `\mathtt' in version `bold'
(Font)                  OT1/cmtt/m/n --> TU/lmtt/b/n on input line 14.
\c@mv@tabular=\count348
\c@mv@boldtabular=\count349

*geometry* driver: auto-detecting
*geometry* detected driver: luatex
*geometry* verbose mode - [ preamble ] result:
* driver: luatex
* paper: a4paper
* layout: <same size as paper>
* layoutoffset:(h,v)=(0.0pt,0.0pt)
* modes: twoside 
* h-part:(L,W,R)=(56.9055pt, 483.69684pt, 56.90553pt)
* v-part:(T,H,B)=(71.13188pt, 702.78307pt, 71.1319pt)
* \paperwidth=597.50787pt
* \paperheight=845.04684pt
* \textwidth=483.69684pt
* \textheight=702.78307pt
* \oddsidemargin=-15.36449pt
* \evensidemargin=-15.36446pt
* \topmargin=-33.0119pt
* \headheight=12.0pt
* \headsep=19.8738pt
* \topskip=12.0pt
* \footskip=30.0pt
* \marginparwidth=88.0pt
* \marginparsep=7.0pt
* \columnsep=10.0pt
* \skip\footins=10.8pt plus 4.0pt minus 2.0pt
* \hoffset=0.0pt
* \voffset=0.0pt
* \mag=1000
* \@twocolumnfalse
* \@twosidetrue
* \@mparswitchtrue
* \@reversemarginfalse
* (1in=72.27pt=25.4mm, 1cm=28.453pt)

(/usr/share/texmf-dist/tex/context/base/mkii/supp-pdf.mkii
[Loading MPS to PDF converter (version 2006.09.02).]
\scratchcounter=\count350
\scratchdimen=\dimen321
\scratchbox=\box90
\nofMPsegments=\count351
\nofMParguments=\count352
\everyMPshowfont=\toks76
\MPscratchCnt=\count353
\MPscratchDim=\dimen322
\MPnumerator=\count354
\makeMPintoPDFobject=\count355
\everyMPtoPDFconversion=\toks77
) (/usr/share/texmf-dist/tex/latex/epstopdf-pkg/epstopdf-base.sty
Package: epstopdf-base 2020-01-24 v2.11 Base part for package epstopdf
Package epstopdf-base Info: Redefining graphics rule for `.eps' on input line 485.
 (/usr/share/texmf-dist/tex/latex/latexconfig/epstopdf-sys.cfg
File: epstopdf-sys.cfg 2010/07/13 v1.3 Configuration of (r)epstopdf for TeX Live
))

Package pgfplots Warning: running in backwards compatibility mode (unsuitable tick labels; missing features). Consider writing \pgfplotsset{compat=1.18} into your preamble.
 on input line 14.

Package hyperref Info: Link coloring OFF on input line 14.
(./main.out) (./main.out)
\@outlinefile=\write4

\openout4 = main.out

Package fontspec Info: Font family 'NotoColorEmoji(0)' created for font 'Noto
(fontspec)             Color Emoji' with options
(fontspec)             [BoldFont={},ItalicFont={},SmallCapsFont={},Renderer=HarfBuzz].
(fontspec)              
(fontspec)              This font family consists of the following NFSS
(fontspec)             series/shapes:
(fontspec)              
(fontspec)             - 'normal' (m/n) with NFSS spec.:
(fontspec)             <->"name:NotoColorEmoji:mode=harf;script=DFLT;language=dflt;"
(fontspec)             - 'small caps'  (m/sc) with NFSS spec.: 

LaTeX Font Info:    Font shape `TU/Cantarell(0)/m/n' will be
(Font)              scaled to size 20.74pt on input line 17.
LaTeX Font Info:    Font shape `TU/Cantarell(0)/m/n' will be
(Font)              scaled to size 14.4pt on input line 17.
LaTeX Font Info:    Font shape `TU/Cantarell(0)/m/n' will be
(Font)              scaled to size 10.0pt on input line 17.
LaTeX Font Info:    Trying to load font information for U+msa on input line 17.
 (/usr/share/texmf-dist/tex/latex/amsfonts/umsa.fd
File: umsa.fd 2013/01/14 v3.01 AMS symbols A
)
LaTeX Font Info:    Trying to load font information for U+msb on input line 17.
 (/usr/share/texmf-dist/tex/latex/amsfonts/umsb.fd
File: umsb.fd 2013/01/14 v3.01 AMS symbols B
) [1



{/var/lib/texmf/fonts/map/pdftex/updmap/pdftex.map}]
LaTeX Font Info:    Font shape `TU/Cantarell(0)/m/n' will be
(Font)              scaled to size 29.86pt on input line 20.
LaTeX Font Info:    Font shape `TU/Cantarell(0)/b/n' will be
(Font)              scaled to size 29.86pt on input line 20.
 (./main.toc
LaTeX Font Info:    Font shape `TU/Cantarell(0)/b/n' will be
(Font)              scaled to size 12.0pt on input line 1.
LaTeX Font Info:    Font shape `TU/Cantarell(0)/m/n' will be
(Font)              scaled to size 8.0pt on input line 1.
)
\tf@toc=\write5

\openout5 = main.toc


Package fancyhdr Warning: \headheight is too small (12.0pt): 
(fancyhdr)                Make it at least 24.64995pt, for example:
(fancyhdr)                \setlength{\headheight}{24.64995pt}.
(fancyhdr)                You might also make \topmargin smaller to compensate:
(fancyhdr)                \addtolength{\topmargin}{-12.64995pt}.

[0]
\openout2 = rozdzialy/07.aux
 (./rozdzialy/07.tex
LaTeX Font Info:    Font shape `TU/Cantarell(0)/m/n' will be
(Font)              scaled to size 17.28pt on input line 1.
LaTeX Font Info:    Font shape `TU/Cantarell(0)/b/n' will be
(Font)              scaled to size 17.28pt on input line 1.
LaTeX Font Info:    Font shape `TU/Cantarell(0)/b/n' will be
(Font)              scaled to size 14.4pt on input line 5.


Package fancyhdr Warning: \headheight is too small (12.0pt): 
(fancyhdr)                Make it at least 24.64995pt, for example:
(fancyhdr)                \setlength{\headheight}{24.64995pt}.
(fancyhdr)                You might also make \topmargin smaller to compensate:
(fancyhdr)                \addtolength{\topmargin}{-12.64995pt}.

[17





]
Overfull \hbox (9.07913pt too wide) in paragraph at lines 47--48
[]\TU/Cantarell(0)/m/n/12 Zanim prze-jdziemy do dowodu faktu [].[], wymiemy kilka wanych wnioskw z niego wynika-
 []


Underfull \vbox (badness 10000) has occurred while \output is active []



Package fancyhdr Warning: \headheight is too small (12.0pt): 
(fancyhdr)                Make it at least 24.64995pt, for example:
(fancyhdr)                \setlength{\headheight}{24.64995pt}.
(fancyhdr)                You might also make \topmargin smaller to compensate:
(fancyhdr)                \addtolength{\topmargin}{-12.64995pt}.

[18]
Underfull \hbox (badness 10000) in paragraph at lines 75--76

 []


Package fancyhdr Warning: \headheight is too small (12.0pt): 
(fancyhdr)                Make it at least 24.64995pt, for example:
(fancyhdr)                \setlength{\headheight}{24.64995pt}.
(fancyhdr)                You might also make \topmargin smaller to compensate:
(fancyhdr)                \addtolength{\topmargin}{-12.64995pt}.

[19]
Underfull \hbox (badness 10000) in paragraph at lines 94--95

 []


Underfull \vbox (badness 2486) has occurred while \output is active []



Package fancyhdr Warning: \headheight is too small (12.0pt): 
(fancyhdr)                Make it at least 24.64995pt, for example:
(fancyhdr)                \setlength{\headheight}{24.64995pt}.
(fancyhdr)                You might also make \topmargin smaller to compensate:
(fancyhdr)                \addtolength{\topmargin}{-12.64995pt}.

[20<./luatex.TGAXAf/1.png>])

Package fancyhdr Warning: \headheight is too small (12.0pt): 
(fancyhdr)                Make it at least 24.64995pt, for example:
(fancyhdr)                \setlength{\headheight}{24.64995pt}.
(fancyhdr)                You might also make \topmargin smaller to compensate:
(fancyhdr)                \addtolength{\topmargin}{-12.64995pt}.

[21] (./main.aux (./rozdzialy/01_cayley.aux) (./rozdzialy/02.aux) (./rozdzialy/03.aux) (./rozdzialy/07.aux))
 ***********
LaTeX2e <2023-11-01> patch level 1
L3 programming layer <2024-02-20>
 ***********
Package rerunfilecheck Info: File `main.out' has not changed.
(rerunfilecheck)             Checksum: 622FA2163AA1F899E428E4A1E9DFF6B1;702.
)

Here is how much of LuaTeX's memory you used:
 50958 strings out of 476447
 125086,1977958 words of node,token memory allocated
 808 words of node memory still in use:
   7 hlist, 2 vlist, 2 rule, 2 glue, 4 kern, 2 glyph, 27 attribute, 95 glue_spec, 27 attribute_list, 4 write nodes
   avail lists: 1:3,2:3099,3:1861,4:258,5:312,6:58,7:4344,8:69,9:1029,10:6,11:154
 71750 multiletter control sequences out of 65536+600000
 69 fonts using 9960719 bytes
 109i,13n,129p,1192b,2196s stack positions out of 10000i,1000n,20000p,200000b,200000s

warning  (pdf backend): unreferenced destination with name 'subsection.2.1.2'

warning  (pdf backend): unreferenced destination with name 'subsection.2.1.1'

warning  (pdf backend): unreferenced destination with name 'section.2.1'

warning  (pdf backend): unreferenced destination with name 'chapter.2'

warning  (pdf backend): unreferenced destination with name 'section.1.2'

warning  (pdf backend): unreferenced destination with name 'subsection.1.1.3'

warning  (pdf backend): unreferenced destination with name 'subsection.1.1.2'

warning  (pdf backend): unreferenced destination with name 'subsection.1.1.1'

warning  (pdf backend): unreferenced destination with name 'section.1.1'

warning  (pdf backend): unreferenced destination with name 'chapter.1'
</usr/share/texmf-dist/fonts/opentype/gnome/cantarell/Cantarell-Regular.otf></usr/share/texmf-dist/fonts/opentype/gnome/cantarell/Cantarell-Bold.otf></usr/share/texmf-dist/fonts/opentype/gnome/cantarell/Cantarell-Regular.otf></usr/share/texmf-dist/fonts/type1/public/amsfonts/cm/cmex10.pfb></usr/share/texmf-dist/fonts/type1/public/amsfonts/cm/cmmi12.pfb></usr/share/texmf-dist/fonts/type1/public/amsfonts/cm/cmmi8.pfb></usr/share/texmf-dist/fonts/type1/public/amsfonts/cm/cmr10.pfb></usr/share/texmf-dist/fonts/type1/public/amsfonts/cm/cmr12.pfb></usr/share/texmf-dist/fonts/type1/public/amsfonts/cm/cmr8.pfb></usr/share/texmf-dist/fonts/type1/public/amsfonts/cm/cmsy10.pfb></usr/share/texmf-dist/fonts/type1/public/amsfonts/symbols/msbm10.pfb>
Output written on main.pdf (7 pages, 120415 bytes).

PDF statistics: 167 PDF objects out of 1000 (max. 8388607)
 134 compressed objects within 2 object streams
 42 named destinations out of 1000 (max. 131072)
 48 words of extra memory for PDF output out of 10000 (max. 100000000)

