\BOOKMARK [0][-]{chapter.1}{\376\377\000I\000n\000f\000o\000r\000m\000a\000c\000j\000e\000\040\000w\000s\000t\001\031\000p\000n\000e}{}% 1
\BOOKMARK [1][-]{section.1.1}{\376\377\000G\000r\000a\000f\000y\000\040\000C\000a\000y\000l\000e\000y\000a}{chapter.1}% 2
\BOOKMARK [2][-]{subsection.1.1.1}{\376\377\000M\000e\000t\000r\000y\000k\000a\000\040\000s\001\102\000\363\000w}{section.1.1}% 3
\BOOKMARK [2][-]{subsection.1.1.2}{\376\377\000G\000r\000a\000f\000\040\000C\000a\000y\000l\000e\000y\000a}{section.1.1}% 4
\BOOKMARK [2][-]{subsection.1.1.3}{\376\377\000Q\000u\000a\000s\000i\000-\000i\000z\000o\000m\000e\000t\000r\000i\000e}{section.1.1}% 5
\BOOKMARK [2][-]{subsection.1.1.4}{\376\377\000P\000r\000z\000e\000s\000t\000r\000z\000e\000n\000i\000e\000\040\000g\000e\000o\000d\000e\000z\000y\000j\000n\000e}{section.1.1}% 6
\BOOKMARK [2][-]{subsection.1.1.5}{\376\377\000L\000e\000m\000a\000t\000\040\000M\000i\000l\000n\000o\000r\000a\000-\001\140\000v\000a\000r\000c\000a}{section.1.1}% 7
\BOOKMARK [2][-]{subsection.1.1.6}{\376\377\000G\000r\000u\000p\000y\000\040\000w\000s\000p\000\363\001\102\000m\000i\000e\000r\000n\000e}{section.1.1}% 8
\BOOKMARK [1][-]{section.1.2}{\376\377\000L\000e\000m\000a\000t\000\040\000M\000i\000l\000n\000o\000r\000a\000-\001\140\000v\000a\000r\000c\000a}{chapter.1}% 9
\BOOKMARK [0][-]{chapter.2}{\376\377\000N\000i\000e\000z\000m\000i\000e\000n\000n\000i\000k\000i\000\040\000i\000z\000o\000m\000e\000t\000r\000i\000i}{}% 10
\BOOKMARK [1][-]{section.2.1}{\376\377\000K\000o\001\104\000c\000e\000\040\000\050\000w\000\040\000n\000i\000e\000s\000k\000o\001\104\000c\000z\000o\000n\000o\001\133\000c\000i\000\051\000\040\000g\000r\000u\000p\000\040\000p\000r\000z\000e\000s\000t\000r\000z\000e\000n\000i}{chapter.2}% 11
\BOOKMARK [2][-]{subsection.2.1.1}{\376\377\000G\000r\000a\000n\000i\000c\000a\000\040\000o\000d\000w\000r\000o\000t\000n\000a}{section.2.1}% 12
\BOOKMARK [2][-]{subsection.2.1.2}{\376\377\000P\000r\000z\000e\000s\000t\000r\000z\000e\001\104\000\040\000k\000o\001\104\000c\000\363\000w}{section.2.1}% 13
\BOOKMARK [1][-]{section.2.2}{\376\377\000P\000r\000z\000e\000s\000t\000r\000z\000e\001\104\000\040\000k\000o\001\104\000c\000\363\000w\000\040\000j\000e\000s\000t\000\040\000n\000i\000e\000z\000m\000i\000e\000n\000n\000i\000k\000i\000e\000m\000\040\000q\000.\000i\000.}{chapter.2}% 14
\BOOKMARK [2][-]{subsection.2.2.1}{\376\377\000A\000l\000t\000e\000r\000n\000a\000t\000y\000w\000n\000y\000\040\000o\000p\000i\000s\000\040\000p\000r\000z\000e\000s\000t\000r\000z\000e\000n\000i\000\040\000k\000o\001\104\000c\000\363\000w\000\040\000\050\000p\000r\000o\000m\000i\000e\000n\000i\000e\000\051}{section.2.2}% 15
\BOOKMARK [1][-]{section.2.3}{\376\377\000c\000o\000s}{chapter.2}% 16
\BOOKMARK [1][-]{section.2.4}{\376\377\000T\000e\000m\000p\000o\000\040\000w\000z\000r\000o\000s\000t\000u\000\040\000g\000r\000u\000p\000y}{chapter.2}% 17
\BOOKMARK [2][-]{subsection.2.4.1}{\376\377\000A\000b\000s\000t\000r\000a\000k\000c\000y\000j\000n\000e\000\040\000f\000u\000n\000k\000c\000j\000e\000\040\000w\000z\000r\000o\000s\000t\000u}{section.2.4}% 18
\BOOKMARK [2][-]{subsection.2.4.2}{\376\377\000T\000e\000m\000p\000o\000\040\000w\000z\000r\000o\000s\000t\000u\000\040\000g\000r\000u\000p\000y}{section.2.4}% 19
\BOOKMARK [2][-]{subsection.2.4.3}{\376\377\000G\000r\000u\000p\000y\000\040\000o\000\040\000w\000z\000r\000o\001\133\000c\000i\000e\000\040\000w\000i\000e\000l\000o\000m\000i\000a\000n\000o\000w\000y\000m}{section.2.4}% 20
\BOOKMARK [1][-]{section.2.5}{\376\377\000T\000o\000\040\000b\000e\000\040\000n\000a\000m\000e\000d\000\040\0002}{chapter.2}% 21
